 PATH path102 FOUND 
SVG scale factor = 1.000000
SVG offset = 0.000000,0.000000
POLYGON  0)
Move (rel)ERROR

Horz (rel)	raw = -27.00,0.00	coord = -27.00,0.00
Move (rel)	raw = 634.28,0.00	coord = 634.28,0.00
Horz (rel)	raw = 27.00,0.00	coord = 661.28,0.00
Move (abs)	raw = 0.00,-595.28	coord = 0.00,-595.28
Horz (rel)	raw = -27.00,0.00	coord = -27.00,-595.28
Move (rel)	raw = 634.28,0.00	coord = 634.28,0.00
Horz (rel)	raw = 27.00,0.00	coord = 661.28,0.00
Move (abs)	raw = 6.00,6.00	coord = 6.00,6.00
Vert (rel)	raw = 0.00,27.00	coord = 6.00,33.00
Move (rel)	raw = 0.00,-634.28	coord = 0.00,-634.28
Vert (rel)	raw = 0.00,-27.00	coord = 0.00,-661.28
Move (abs)	raw = 601.28,6.00	coord = 601.28,6.00
Vert (rel)	raw = 0.00,27.00	coord = 601.28,33.00
Move (rel)	raw = 0.00,-634.28	coord = 0.00,-634.28
Vert (rel)	raw = 0.00,-27.00	coord = 0.00,-661.28
End polygon at 0.00,0.00

 PATH path98 FOUND 
SVG scale factor = 1.000000
SVG offset = 0.000000,0.000000
POLYGON  1)
Move (rel)ERROR

Horz (rel)	raw = -27.00,0.00	coord = -27.00,0.00
Move (rel)	raw = 634.28,0.00	coord = 634.28,0.00
Horz (rel)	raw = 27.00,0.00	coord = 661.28,0.00
Move (abs)	raw = 0.00,-595.28	coord = 0.00,-595.28
Horz (rel)	raw = -27.00,0.00	coord = -27.00,-595.28
Move (rel)	raw = 634.28,0.00	coord = 634.28,0.00
Horz (rel)	raw = 27.00,0.00	coord = 661.28,0.00
Move (abs)	raw = 6.00,6.00	coord = 6.00,6.00
Vert (rel)	raw = 0.00,27.00	coord = 6.00,33.00
Move (rel)	raw = 0.00,-634.28	coord = 0.00,-634.28
Vert (rel)	raw = 0.00,-27.00	coord = 0.00,-661.28
Move (abs)	raw = 601.28,6.00	coord = 601.28,6.00
Vert (rel)	raw = 0.00,27.00	coord = 601.28,33.00
Move (rel)	raw = 0.00,-634.28	coord = 0.00,-634.28
Vert (rel)	raw = 0.00,-27.00	coord = 0.00,-661.28
End polygon at 0.00,0.00

 PATH path92 FOUND 
SVG scale factor = 1.000000
SVG offset = 0.000000,0.000000
POLYGON  2)
Move (rel)	raw = 403.91,301.52	coord = 403.91,301.52
curve (rel)	raw = -3.21,0.65	coord = 400.71,302.17
	raw = -1.00,0.43	coord = 399.70,302.60
	raw = -1.90,1.04	coord = 397.80,303.65
	raw = -2.67,1.80	coord = 395.13,305.45
	raw = -0.77,0.77	coord = 394.37,306.22
	raw = -1.39,1.66	coord = 392.98,307.88
	raw = -1.84,2.66	coord = 391.14,310.54
	raw = -0.44,0.97	coord = 390.70,311.51
	raw = -0.67,2.04	coord = 390.03,313.55
	raw = -0.67,3.17	coord = 389.36,316.72
	raw = 0.00,1.13	coord = 389.36,317.85
	raw = 0.22,2.21	coord = 389.58,320.07
	raw = 0.65,3.21	coord = 390.23,323.28
	raw = 0.43,1.00	coord = 390.67,324.28
	raw = 1.04,1.89	coord = 391.70,326.16
	raw = 1.80,2.63	coord = 393.50,328.80
	raw = 0.76,0.75	coord = 394.27,329.54
	raw = 1.67,1.35	coord = 395.94,330.89
	raw = 2.69,1.78	coord = 398.63,332.68
	raw = 1.01,0.43	coord = 399.64,333.11
	raw = 2.10,0.65	coord = 401.74,333.76
	raw = 3.24,0.65	coord = 404.98,334.41
	raw = 1.10,0.00	coord = 406.08,334.41
	raw = 2.17,-0.22	coord = 408.26,334.19
	raw = 3.19,-0.65	coord = 411.44,333.54
	raw = 1.02,-0.44	coord = 412.46,333.10
	raw = 1.91,-1.03	coord = 414.38,332.07
	raw = 2.66,-1.78	coord = 417.04,330.29
	raw = 0.75,-0.75	coord = 417.79,329.54
	raw = 1.36,-1.64	coord = 419.14,327.90
	raw = 1.81,-2.65	coord = 420.95,325.25
	raw = 0.44,-0.99	coord = 421.40,324.26
	raw = 0.67,-2.07	coord = 422.07,322.19
	raw = 0.67,-3.20	coord = 422.73,318.99
	raw = 0.00,-1.13	coord = 422.73,317.86
	raw = -0.22,-2.21	coord = 422.52,315.65
	raw = -0.65,-3.21	coord = 421.87,312.44
	raw = -0.43,-1.00	coord = 421.43,311.44
	raw = -1.04,-1.89	coord = 420.39,309.55
	raw = -1.80,-2.63	coord = 418.59,306.92
	raw = -0.77,-0.75	coord = 417.83,306.17
	raw = -1.66,-1.35	coord = 416.17,304.82
	raw = -2.67,-1.79	coord = 413.49,303.03
	raw = -0.99,-0.43	coord = 412.50,302.60
	raw = -2.07,-0.65	coord = 410.42,301.95
	raw = -3.21,-0.65	coord = 407.22,301.30
Move (rel)	raw = 12.58,8.28	coord = 12.58,8.28
Vert (rel)ERROR

curve (rel)	raw = -0.09,1.45	coord = 12.49,9.73
	raw = 0.06,-0.48	coord = 12.54,9.25
	raw = 0.09,-0.96	coord = 12.63,8.29
	raw = 0.09,-1.45	coord = 12.73,6.84
Move (rel)	raw = -0.05,5.12	coord = -0.05,5.12
curve (rel)	raw = -2.83,4.16	coord = -2.88,9.28
	raw = -1.19,1.17	coord = -4.07,10.45
	raw = -2.61,2.10	coord = -6.68,12.56
	raw = -4.21,2.77	coord = -10.89,15.33
	raw = -1.61,0.67	coord = -12.50,16.00
	raw = -3.35,1.00	coord = -15.85,17.00
	raw = -5.18,1.00	coord = -21.03,18.01
	raw = -2.46,0.00	coord = -23.50,18.01
	raw = -4.70,-0.65	coord = -28.20,17.36
	raw = -6.65,-1.92	coord = -34.85,15.44
	raw = -0.77,-0.50	coord = -35.62,14.94
	raw = -1.45,-1.08	coord = -37.07,13.86
	raw = -2.05,-1.72	coord = -39.12,12.14
	raw = 0.12,0.89	coord = -39.01,13.03
	raw = 0.27,1.73	coord = -38.73,14.76
	raw = 0.47,2.52	coord = -38.27,17.28
	raw = 0.46,1.83	coord = -37.81,19.11
	raw = 1.09,3.38	coord = -36.72,22.49
	raw = 1.89,4.61	coord = -34.83,27.10
	raw = 0.77,1.19	coord = -34.06,28.29
	raw = 1.70,2.10	coord = -32.37,30.40
	raw = 2.76,2.73	coord = -29.60,33.12
	raw = 1.07,0.62	coord = -28.54,33.75
	raw = 2.22,0.92	coord = -26.32,34.67
	raw = 3.53,0.92	coord = -22.79,35.59
	raw = 1.70,0.00	coord = -21.09,35.59
	raw = 3.20,-0.45	coord = -17.89,35.14
	raw = 4.59,-1.37	coord = -13.30,33.77
	raw = 1.38,-0.92	coord = -11.92,32.85
	raw = 2.35,-2.11	coord = -9.57,30.74
	raw = 2.95,-3.64	coord = -6.62,27.10
Line (rel)	raw = 0.52,-1.33	coord = -6.10,25.78
	raw = 1.05,0.96	coord = -5.05,26.73
	raw = 2.21,2.01	coord = -2.83,28.75
	raw = 0.54,0.49	coord = -2.30,29.23
	raw = -0.31,0.66	coord = -2.60,29.89
curve (rel)	raw = -4.65,5.30	coord = -7.25,35.19
	raw = -2.03,1.27	coord = -9.28,36.46
	raw = -4.34,1.91	coord = -13.62,38.37
	raw = -6.86,1.91	coord = -20.48,40.28
	raw = -2.14,0.00	coord = -22.62,40.28
	raw = -4.11,-0.48	coord = -26.72,39.80
	raw = -5.85,-1.43	coord = -32.57,38.37
	raw = -1.75,-0.95	coord = -34.33,37.42
	raw = -3.27,-2.41	coord = -37.59,35.01
	raw = -4.51,-4.33	coord = -42.10,30.68
	raw = -1.21,-1.88	coord = -43.32,28.80
	raw = -2.16,-4.25	coord = -45.48,24.54
	raw = -2.82,-7.05	coord = -48.30,17.49
	raw = -0.65,-2.76	coord = -48.95,14.73
	raw = -0.98,-6.03	coord = -49.94,8.70
	raw = -0.98,-9.71	coord = -50.92,-1.01
	raw = 0.00,-2.41	coord = -50.92,-3.42
	raw = 0.33,-4.63	coord = -50.59,-8.05
	raw = 0.98,-6.58	coord = -49.61,-14.62
	raw = 0.66,-1.98	coord = -48.95,-16.60
	raw = 1.62,-3.68	coord = -47.33,-20.29
	raw = 2.84,-5.05	coord = -44.49,-25.34
	raw = 1.23,-1.38	coord = -43.26,-26.71
	raw = 2.72,-2.45	coord = -40.54,-29.16
	raw = 4.41,-3.19	coord = -36.13,-32.35
	raw = 1.70,-0.74	coord = -34.43,-33.09
	raw = 3.57,-1.11	coord = -30.86,-34.20
	raw = 5.58,-1.11	coord = -25.28,-35.31
	raw = 1.90,0.00	coord = -23.39,-35.31
	raw = 3.70,0.35	coord = -19.69,-34.97
	raw = 5.36,1.03	coord = -14.33,-33.94
	raw = 1.65,0.68	coord = -12.68,-33.26
	raw = 3.10,1.63	coord = -9.58,-31.63
	raw = 4.32,2.83	coord = -5.27,-28.80
	raw = 1.21,1.19	coord = -4.06,-27.61
	raw = 2.18,2.61	coord = -1.88,-25.00
	raw = 2.88,4.21	coord = 1.00,-20.80
	raw = 0.70,1.61	coord = 1.70,-19.19
	raw = 1.06,3.36	coord = 2.77,-15.83
	raw = 1.06,5.20	coord = 3.83,-10.63
	raw = 0.00,1.80	coord = 3.83,-8.83
	raw = -0.35,3.52	coord = 3.48,-5.30
	raw = -1.04,5.12	coord = 2.44,-0.18
End polygon at 403.91,301.52

 PATH path90 FOUND 
SVG scale factor = 1.000000
SVG offset = 0.000000,0.000000
POLYGON  3)
Move (rel)	raw = 380.74,302.13	coord = 380.74,302.13
Vert (rel)	raw = 0.00,24.63	coord = 380.74,326.76
	raw = 0.98,0.00	coord = 381.72,326.76
Horz (rel)	raw = -0.98,0.00	coord = 380.74,326.76
	raw = -3.52,0.00	coord = 377.22,326.76
	raw = -0.67,0.00	coord = 376.55,326.76
Line (rel)	raw = -0.22,-0.56	coord = 376.33,326.20
curve (rel)	raw = -0.72,-0.70	coord = 375.61,325.50
	raw = -0.54,-0.48	coord = 375.07,325.03
	raw = -1.21,-0.99	coord = 373.86,324.03
	raw = -2.00,-1.54	coord = 371.86,322.50
	raw = -0.78,-0.54	coord = 371.09,321.96
	raw = -1.61,-1.02	coord = 369.48,320.94
	raw = -2.48,-1.43	coord = 367.00,319.51
	raw = -0.79,-0.37	coord = 366.22,319.14
	raw = -1.50,-0.56	coord = 364.71,318.58
	raw = -2.12,-0.56	coord = 362.59,318.02
Horz (rel)	raw = -0.98,0.00	coord = 361.61,318.02
Vert (rel)	raw = 0.00,-0.98	coord = 361.61,317.04
	raw = -3.32,0.00	coord = 358.29,317.04
	raw = -0.98,0.00	coord = 357.31,317.04
Horz (rel)	raw = 0.98,0.00	coord = 358.29,317.04
curve (rel)	raw = 2.52,0.45	coord = 360.80,317.48
	raw = 0.88,0.28	coord = 361.69,317.77
	raw = 1.75,0.64	coord = 363.44,318.41
	raw = 2.59,1.07	coord = 366.03,319.48
	raw = 0.77,0.40	coord = 366.80,319.87
	raw = 1.48,0.82	coord = 368.28,320.70
	raw = 2.12,1.28	coord = 370.40,321.98
Vert (rel)	raw = 0.00,-18.34	coord = 370.40,303.64
Horz (rel)	raw = -6.16,0.00	coord = 364.24,303.64
	raw = -0.98,0.00	coord = 363.26,303.64
Vert (rel)	raw = 0.00,-0.98	coord = 363.26,302.65
	raw = -3.12,0.00	coord = 360.14,302.65
	raw = -0.98,0.00	coord = 359.15,302.65
Horz (rel)	raw = 0.98,0.00	coord = 360.14,302.65
	raw = 17.06,0.00	coord = 377.20,302.65
	raw = 0.98,0.00	coord = 378.18,302.65
Vert (rel)	raw = 0.00,0.98	coord = 378.18,303.64
	raw = 3.12,0.00	coord = 381.30,303.64
	raw = 0.98,0.00	coord = 382.28,303.64
Horz (rel)	raw = -0.98,0.00	coord = 381.30,303.64
End polygon at 380.74,302.13

 PATH path88 FOUND 
SVG scale factor = 1.000000
SVG offset = 0.000000,0.000000
POLYGON  4)
Move (rel)	raw = 355.08,304.63	coord = 355.08,304.63
curve (rel)	raw = -2.56,-2.16	coord = 352.52,302.47
	raw = -0.98,-0.50	coord = 351.54,301.97
	raw = -2.07,-0.75	coord = 349.47,301.23
	raw = -3.25,-0.75	coord = 346.21,300.48
	raw = -1.22,0.00	coord = 345.00,300.48
	raw = -2.33,0.25	coord = 342.67,300.73
	raw = -3.30,0.75	coord = 339.37,301.48
	raw = -0.98,0.50	coord = 338.38,301.98
	raw = -1.84,1.23	coord = 336.54,303.20
	raw = -2.56,2.16	coord = 333.98,305.36
	raw = -0.73,0.96	coord = 333.25,306.32
	raw = -1.31,2.14	coord = 331.93,308.46
	raw = -1.73,3.49	coord = 330.20,311.95
	raw = -0.42,1.38	coord = 329.78,313.33
	raw = -0.64,2.94	coord = 329.15,316.27
	raw = -0.64,4.64	coord = 328.51,320.91
	raw = 0.00,1.70	coord = 328.51,322.61
	raw = 0.21,3.27	coord = 328.73,325.88
	raw = 0.64,4.64	coord = 329.36,330.52
	raw = 0.42,1.36	coord = 329.78,331.88
	raw = 1.00,2.53	coord = 330.78,334.41
	raw = 1.73,3.49	coord = 332.50,337.91
	raw = 0.71,0.94	coord = 333.22,338.84
	raw = 1.58,1.67	coord = 334.79,340.52
	raw = 2.57,2.19	coord = 337.36,342.71
	raw = 0.98,0.51	coord = 338.34,343.22
	raw = 2.08,0.77	coord = 340.42,343.99
	raw = 3.29,0.77	coord = 343.71,344.76
	raw = 1.18,0.00	coord = 344.89,344.76
	raw = 2.27,-0.26	coord = 347.16,344.50
	raw = 3.24,-0.77	coord = 350.40,343.73
	raw = 0.99,-0.52	coord = 351.39,343.21
	raw = 1.85,-1.25	coord = 353.24,341.96
	raw = 2.57,-2.19	coord = 355.81,339.77
	raw = 0.73,-0.96	coord = 356.54,338.81
	raw = 1.31,-2.13	coord = 357.86,336.67
	raw = 1.73,-3.49	coord = 359.59,333.18
	raw = 0.42,-1.38	coord = 360.01,331.80
	raw = 0.64,-2.94	coord = 360.64,328.87
	raw = 0.64,-4.64	coord = 361.28,324.22
	raw = 0.00,-1.71	coord = 361.28,322.52
	raw = -0.21,-3.27	coord = 361.07,319.25
	raw = -0.64,-4.64	coord = 360.43,314.61
	raw = -0.42,-1.36	coord = 360.01,313.25
	raw = -1.00,-2.53	coord = 359.02,310.72
	raw = -1.73,-3.49	coord = 357.29,307.23
Move (rel)	raw = 3.98,19.71	coord = 3.98,19.71
curve (rel)	raw = -4.32,3.45	coord = -0.34,23.15
	raw = -1.68,0.84	coord = -2.01,23.99
	raw = -3.52,1.26	coord = -5.53,25.25
	raw = -5.47,1.26	coord = -11.00,26.51
	raw = -1.96,0.00	coord = -12.96,26.51
	raw = -3.80,-0.42	coord = -16.75,26.09
	raw = -5.47,-1.26	coord = -22.23,24.83
	raw = -1.66,-0.83	coord = -23.89,24.00
	raw = -3.11,-1.99	coord = -27.00,22.01
	raw = -4.32,-3.45	coord = -31.32,18.56
	raw = -1.20,-1.45	coord = -32.51,17.12
	raw = -2.14,-3.17	coord = -34.65,13.94
	raw = -2.81,-5.14	coord = -37.47,8.80
	raw = -0.67,-1.96	coord = -38.14,6.85
	raw = -1.01,-4.12	coord = -39.15,2.73
	raw = -1.01,-6.43	coord = -40.16,-3.70
	raw = 0.00,-2.31	coord = -40.16,-6.02
	raw = 0.34,-4.48	coord = -39.82,-10.49
	raw = 1.01,-6.43	coord = -38.81,-16.93
	raw = 0.67,-1.96	coord = -38.14,-18.89
	raw = 1.62,-3.69	coord = -36.52,-22.58
	raw = 2.81,-5.14	coord = -33.71,-27.72
	raw = 1.21,-1.46	coord = -32.50,-29.18
	raw = 2.66,-2.61	coord = -29.83,-31.79
	raw = 4.33,-3.42	coord = -25.51,-35.22
	raw = 1.67,-0.82	coord = -23.84,-36.03
	raw = 3.51,-1.23	coord = -20.33,-37.27
	raw = 5.46,-1.23	coord = -14.87,-38.50
	raw = 1.96,0.00	coord = -12.91,-38.50
	raw = 3.79,0.41	coord = -9.12,-38.09
	raw = 5.46,1.23	coord = -3.65,-36.85
	raw = 1.66,0.81	coord = -1.99,-36.04
	raw = 3.12,1.97	coord = 1.12,-34.07
	raw = 4.33,3.42	coord = 5.45,-30.65
	raw = 1.20,1.45	coord = 6.64,-29.20
	raw = 2.14,3.17	coord = 8.79,-26.03
	raw = 2.81,5.14	coord = 11.60,-20.89
	raw = 0.67,1.96	coord = 12.27,-18.93
	raw = 1.01,4.12	coord = 13.28,-14.81
	raw = 1.01,6.43	coord = 14.29,-8.38
	raw = 0.00,2.31	coord = 14.29,-6.07
	raw = -0.34,4.47	coord = 13.95,-1.60
	raw = -1.01,6.43	coord = 12.94,4.83
	raw = -0.67,1.97	coord = 12.27,6.80
	raw = -1.62,3.70	coord = 10.65,10.50
	raw = -2.81,5.14	coord = 7.83,15.64
End polygon at 355.08,304.63

 PATH path86 FOUND 
SVG scale factor = 1.000000
SVG offset = 0.000000,0.000000
POLYGON  5)
Move (rel)	raw = 313.65,302.13	coord = 313.65,302.13
curve (rel)	raw = 0.43,1.42	coord = 314.07,303.55
	raw = 0.27,0.68	coord = 314.34,304.23
	raw = 0.69,1.32	coord = 315.03,305.56
	raw = 1.23,1.90	coord = 316.26,307.46
	raw = 0.58,0.61	coord = 316.84,308.07
	raw = 1.35,1.22	coord = 318.19,309.28
	raw = 2.28,1.81	coord = 320.47,311.09
	raw = 0.96,0.61	coord = 321.43,311.70
	raw = 2.19,1.25	coord = 323.62,312.95
	raw = 3.65,1.89	coord = 327.27,314.84
Line (rel)	raw = 0.53,0.25	coord = 327.80,315.09
	raw = 1.93,0.92	coord = 329.73,316.01
curve (rel)	raw = 3.08,1.93	coord = 332.81,317.94
	raw = 1.02,0.80	coord = 333.83,318.74
	raw = 1.90,1.77	coord = 335.74,320.52
	raw = 2.61,2.88	coord = 338.35,323.40
	raw = 0.75,1.18	coord = 339.10,324.58
	raw = 1.14,2.58	coord = 340.24,327.16
	raw = 1.14,4.18	coord = 341.37,331.34
	raw = 0.00,1.21	coord = 341.37,332.55
	raw = -0.25,2.37	coord = 341.12,334.92
	raw = -0.74,3.45	coord = 340.38,338.37
	raw = -0.49,1.08	coord = 339.89,339.45
	raw = -1.22,2.04	coord = 338.67,341.49
	raw = -2.15,2.87	coord = 336.52,344.36
	raw = -0.94,0.82	coord = 335.58,345.18
	raw = -2.07,1.47	coord = 333.52,346.65
	raw = -3.37,1.93	coord = 330.15,348.57
	raw = -1.29,0.46	coord = 328.86,349.03
	raw = -2.76,0.69	coord = 326.09,349.71
	raw = -4.38,0.69	coord = 321.71,350.40
	raw = -1.67,0.00	coord = 320.04,350.40
	raw = -3.21,-0.23	coord = 316.83,350.17
	raw = -4.56,-0.68	coord = 312.27,349.49
	raw = -1.31,-0.44	coord = 310.95,349.05
	raw = -2.48,-0.95	coord = 308.48,348.10
	raw = -3.45,-1.52	coord = 305.02,346.59
	raw = -0.98,-0.57	coord = 304.04,346.01
	raw = -1.80,-1.16	coord = 302.24,344.85
	raw = -2.42,-1.74	coord = 299.82,343.11
	raw = -0.58,-0.55	coord = 299.24,342.56
	raw = -0.97,-0.92	coord = 298.27,341.64
	raw = -1.18,-1.13	coord = 297.09,340.51
Line (rel)	raw = -0.67,-0.67	coord = 296.43,339.85
	raw = 0.64,-0.69	coord = 297.06,339.16
	raw = 2.26,-2.47	coord = 299.33,336.69
	raw = 0.79,-0.86	coord = 300.11,335.83
	raw = 0.71,0.92	coord = 300.83,336.75
curve (rel)	raw = 0.97,1.12	coord = 301.80,337.87
	raw = 0.40,0.42	coord = 302.20,338.29
	raw = 0.90,0.84	coord = 303.10,339.13
	raw = 1.50,1.23	coord = 304.60,340.36
	raw = 0.60,0.39	coord = 305.20,340.75
	raw = 1.32,0.74	coord = 306.52,341.49
	raw = 2.14,1.03	coord = 308.66,342.52
	raw = 0.78,0.28	coord = 309.44,342.80
	raw = 1.67,0.42	coord = 311.11,343.22
	raw = 2.66,0.42	coord = 313.77,343.64
	raw = 0.95,0.00	coord = 314.72,343.64
	raw = 1.79,-0.13	coord = 316.51,343.51
	raw = 2.51,-0.39	coord = 319.02,343.12
	raw = 0.69,-0.26	coord = 319.72,342.86
	raw = 1.28,-0.60	coord = 321.00,342.26
	raw = 1.74,-1.01	coord = 322.74,341.25
	raw = 0.45,-0.41	coord = 323.19,340.84
	raw = 0.79,-0.88	coord = 323.98,339.97
	raw = 1.02,-1.39	coord = 325.00,338.58
	raw = 0.23,-0.51	coord = 325.23,338.07
	raw = 0.34,-1.02	coord = 325.57,337.06
	raw = 0.34,-1.51	coord = 325.91,335.55
	raw = 0.00,-0.78	coord = 325.91,334.76
	raw = -0.22,-1.44	coord = 325.69,333.32
	raw = -0.67,-2.00	coord = 325.02,331.32
	raw = -0.52,-0.66	coord = 324.50,330.66
	raw = -1.20,-1.26	coord = 323.30,329.40
	raw = -2.02,-1.81	coord = 321.29,327.59
	raw = -0.86,-0.57	coord = 320.43,327.01
	raw = -1.81,-1.10	coord = 318.62,325.92
	raw = -2.81,-1.56	coord = 315.81,324.36
	raw = -1.11,-0.51	coord = 314.70,323.85
	raw = -2.08,-0.99	coord = 312.62,322.86
	raw = -2.99,-1.46	coord = 309.63,321.40
	raw = -1.79,-0.95	coord = 307.85,320.46
	raw = -3.27,-1.97	coord = 304.57,318.49
	raw = -4.42,-3.05	coord = 300.15,315.44
	raw = -1.16,-1.09	coord = 298.99,314.35
	raw = -2.08,-2.24	coord = 296.91,312.11
	raw = -2.75,-3.43	coord = 294.16,308.68
	raw = -0.67,-1.20	coord = 293.49,307.48
	raw = -1.13,-2.46	coord = 292.36,305.02
	raw = -1.37,-3.75	coord = 290.99,301.27
	raw = -0.23,-1.24	coord = 290.76,300.03
	raw = -0.34,-2.52	coord = 290.42,297.51
	raw = -0.34,-3.83	coord = 290.07,293.68
Vert (rel)	raw = 0.00,-0.98	coord = 290.07,292.70
Horz (rel)	raw = 0.98,0.00	coord = 291.06,292.70
	raw = 21.59,0.00	coord = 312.64,292.70
	raw = 0.98,0.00	coord = 313.63,292.70
Vert (rel)	raw = 0.00,0.98	coord = 313.63,293.68
	raw = 3.12,0.00	coord = 316.75,293.68
	raw = 0.98,0.00	coord = 317.73,293.68
Horz (rel)	raw = -0.98,0.00	coord = 316.75,293.68
End polygon at 313.65,302.13

 PATH path84 FOUND 
SVG scale factor = 1.000000
SVG offset = 0.000000,0.000000
POLYGON  6)
Move (rel)	raw = 274.94,300.54	coord = 274.94,300.54
curve (rel)	raw = 2.74,0.50	coord = 277.68,301.04
	raw = 0.96,0.34	coord = 278.64,301.38
	raw = 1.84,0.80	coord = 280.49,302.17
	raw = 2.67,1.39	coord = 283.15,303.56
	raw = 0.82,0.59	coord = 283.97,304.15
	raw = 1.53,1.27	coord = 285.51,305.42
	raw = 2.14,2.06	coord = 287.65,307.48
	raw = 0.60,0.79	coord = 288.25,308.27
	raw = 0.97,1.64	coord = 289.22,309.91
	raw = 1.11,2.54	coord = 290.33,312.45
Vert (rel)	raw = 0.00,8.10	coord = 290.33,320.55
curve (rel)	raw = -1.48,2.54	coord = 288.85,323.09
	raw = -0.65,0.79	coord = 288.19,323.88
	raw = -1.39,1.49	coord = 286.80,325.36
	raw = -2.21,2.09	coord = 284.59,327.45
	raw = -0.82,0.60	coord = 283.76,328.06
	raw = -1.69,1.07	coord = 282.07,329.13
	raw = -2.62,1.41	coord = 279.45,330.54
	raw = -0.92,0.34	coord = 278.53,330.87
	raw = -1.84,0.50	coord = 276.69,331.38
	raw = -2.74,0.50	coord = 273.95,331.88
	raw = -1.41,0.00	coord = 272.54,331.88
	raw = -2.69,-0.30	coord = 269.85,331.58
	raw = -3.85,-0.91	coord = 266.00,330.67
	raw = -1.16,-0.60	coord = 264.84,330.07
	raw = -2.14,-1.40	coord = 262.70,328.67
	raw = -2.94,-2.39	coord = 259.76,326.28
	raw = -0.81,-0.99	coord = 258.95,325.29
	raw = -1.43,-2.12	coord = 257.52,323.16
	raw = -1.89,-3.40	coord = 255.63,319.77
	raw = -0.45,-1.27	coord = 255.18,318.49
	raw = -0.68,-2.58	coord = 254.50,315.91
	raw = -0.68,-3.92	coord = 253.82,311.98
	raw = 0.00,-1.41	coord = 253.82,310.58
	raw = 0.25,-2.75	coord = 254.07,307.82
	raw = 0.76,-4.03	coord = 254.83,303.80
	raw = 0.50,-1.28	coord = 255.33,302.52
	raw = 1.19,-2.39	coord = 256.52,300.13
	raw = 2.06,-3.35	coord = 258.59,296.79
	raw = 0.87,-0.96	coord = 259.46,295.83
	raw = 1.90,-1.72	coord = 261.36,294.11
	raw = 3.10,-2.29	coord = 264.46,291.82
	raw = 1.19,-0.57	coord = 265.65,291.25
	raw = 2.47,-0.86	coord = 268.12,290.39
	raw = 3.85,-0.86	coord = 271.97,289.54
Move (rel)	raw = -0.70,-3.02	coord = -0.70,-3.02
curve (rel)	raw = -5.03,1.13	coord = -5.74,-1.89
	raw = -1.54,0.76	coord = -7.28,-1.13
	raw = -2.88,1.75	coord = -10.16,0.62
	raw = -4.00,2.99	coord = -14.16,3.61
	raw = -1.12,1.24	coord = -15.28,4.85
	raw = -2.00,2.67	coord = -17.28,7.53
	raw = -2.62,4.30	coord = -19.89,11.83
	raw = -0.62,1.63	coord = -20.52,13.46
	raw = -0.93,3.33	coord = -21.45,16.79
	raw = -0.93,5.11	coord = -22.38,21.89
	raw = 0.00,1.84	coord = -22.38,23.74
	raw = 0.30,3.60	coord = -22.08,27.34
	raw = 0.91,5.26	coord = -21.17,32.59
	raw = 0.60,1.66	coord = -20.57,34.25
	raw = 1.44,3.11	coord = -19.13,37.36
	raw = 2.49,4.35	coord = -16.64,41.72
	raw = 1.06,1.24	coord = -15.58,42.96
	raw = 2.31,2.22	coord = -13.27,45.18
	raw = 3.77,2.94	coord = -9.50,48.13
	raw = 1.46,0.72	coord = -8.04,48.85
	raw = 3.06,1.08	coord = -4.97,49.93
	raw = 4.81,1.08	coord = -0.17,51.01
	raw = 2.21,0.00	coord = 2.05,51.01
	raw = 4.18,-0.58	coord = 6.22,50.43
	raw = 5.89,-1.74	coord = 12.11,48.69
	raw = 1.71,-1.16	coord = 13.82,47.54
	raw = 3.07,-2.56	coord = 16.89,44.98
	raw = 4.08,-4.20	coord = 20.96,40.78
Vert (rel)	raw = 0.00,16.00	coord = 20.96,56.78
Horz (rel)	raw = 3.42,0.00	coord = 24.39,56.78
Vert (rel)	raw = 0.00,-32.31	coord = 24.39,24.47
curve (rel)	raw = 1.21,-1.41	coord = 25.59,23.07
Vert (rel)	raw = 0.00,-3.02	coord = 25.59,20.05
curve (rel)	raw = -1.36,-0.15	coord = 24.24,19.90
	raw = -0.84,0.00	coord = 23.40,19.90
	raw = -1.53,0.24	coord = 21.87,20.14
	raw = -2.06,0.73	coord = 19.81,20.87
	raw = -0.54,0.49	coord = 19.27,21.35
	raw = -0.81,1.06	coord = 18.46,22.42
	raw = -0.81,1.74	coord = 17.66,24.16
Vert (rel)	raw = 0.00,2.77	coord = 17.66,26.92
curve (rel)	raw = -4.25,-4.08	coord = 13.41,22.85
	raw = -1.76,-1.01	coord = 11.65,21.84
	raw = -3.60,-1.51	coord = 8.05,20.33
	raw = -5.51,-1.51	coord = 2.54,18.82
End polygon at 274.94,300.54

 PATH path82 FOUND 
SVG scale factor = 1.000000
SVG offset = 0.000000,0.000000
POLYGON  7)
Move (rel)	raw = 249.28,334.76	coord = 249.28,334.76
Horz (rel)	raw = 3.42,0.00	coord = 252.70,334.76
Vert (rel)	raw = 0.00,-30.80	coord = 252.70,303.96
curve (rel)	raw = 0.81,-2.29	coord = 253.51,301.67
	raw = 0.54,-0.55	coord = 254.04,301.12
	raw = 1.29,-0.83	coord = 255.33,300.29
	raw = 2.26,-0.83	coord = 257.60,299.46
	raw = 0.37,0.00	coord = 257.97,299.46
	raw = 0.81,0.05	coord = 258.77,299.51
	raw = 1.31,0.15	coord = 260.08,299.66
	raw = 0.50,0.10	coord = 260.58,299.76
	raw = 0.97,0.23	coord = 261.55,299.99
	raw = 1.41,0.40	coord = 262.96,300.40
Line (rel)	raw = 0.60,-2.77	coord = 263.57,297.63
curve (rel)	raw = -2.34,-0.65	coord = 261.23,296.97
	raw = -0.92,-0.17	coord = 260.30,296.81
	raw = -1.72,-0.25	coord = 258.58,296.55
	raw = -2.39,-0.25	coord = 256.19,296.30
	raw = -1.58,0.00	coord = 254.62,296.30
	raw = -2.82,0.44	coord = 251.80,296.75
	raw = -3.72,1.33	coord = 248.07,298.08
	raw = -0.91,0.89	coord = 247.17,298.97
	raw = -1.36,2.14	coord = 245.81,301.11
	raw = -1.36,3.75	coord = 244.45,304.86
End polygon at 249.28,334.76

 PATH path80 FOUND 
SVG scale factor = 1.000000
SVG offset = 0.000000,0.000000
POLYGON  8)
Move (rel)	raw = 239.72,312.52	coord = 239.72,312.52
curve (rel)	raw = -0.98,3.85	coord = 238.74,316.37
	raw = -0.55,1.16	coord = 238.18,317.52
	raw = -1.26,2.16	coord = 236.93,319.68
	raw = -2.11,2.99	coord = 234.81,322.67
	raw = -0.85,0.84	coord = 233.96,323.51
	raw = -1.85,1.49	coord = 232.10,325.00
	raw = -2.99,1.96	coord = 229.11,326.97
	raw = -1.14,0.47	coord = 227.97,327.44
	raw = -2.35,0.70	coord = 225.62,328.14
	raw = -3.62,0.70	coord = 222.00,328.85
	raw = -1.28,0.00	coord = 220.72,328.85
	raw = -2.48,-0.24	coord = 218.24,328.61
	raw = -3.62,-0.70	coord = 214.61,327.90
	raw = -1.14,-0.47	coord = 213.47,327.43
	raw = -2.14,-1.13	coord = 211.33,326.31
	raw = -3.00,-1.96	coord = 208.34,324.35
	raw = -0.85,-0.84	coord = 207.48,323.51
	raw = -1.54,-1.84	coord = 205.94,321.66
	raw = -2.06,-3.02	coord = 203.88,318.65
	raw = -0.52,-1.18	coord = 203.36,317.47
	raw = -0.83,-2.45	coord = 202.53,315.02
	raw = -0.93,-3.83	coord = 201.60,311.20
End polygon at 239.72,312.52

 PATH path78 FOUND 
SVG scale factor = 1.000000
SVG offset = 0.000000,0.000000
POLYGON  9)
Move (rel)	raw = 206.81,324.24	coord = 206.81,324.24
Horz (rel)	raw = 3.42,0.00	coord = 210.23,324.24
Vert (rel)	raw = 0.00,-26.22	coord = 210.23,298.02
Horz (rel)	raw = -3.42,0.00	coord = 206.81,298.02
End polygon at 206.81,324.24

 PATH path76 FOUND 
SVG scale factor = 1.000000
SVG offset = 0.000000,0.000000
POLYGON 10)
Move (rel)	raw = 177.22,298.02	coord = 177.22,298.02
Vert (rel)	raw = 0.00,35.73	coord = 177.22,333.75
Horz (rel)	raw = 23.40,0.00	coord = 200.62,333.75
Vert (rel)	raw = 0.00,-3.12	coord = 200.62,330.63
Horz (rel)	raw = -19.93,0.00	coord = 180.69,330.63
Vert (rel)	raw = 0.00,-13.13	coord = 180.69,317.50
Horz (rel)	raw = 16.86,0.00	coord = 197.55,317.50
Vert (rel)	raw = 0.00,-2.92	coord = 197.55,314.58
Horz (rel)	raw = -16.86,0.00	coord = 180.69,314.58
Vert (rel)	raw = 0.00,-16.55	coord = 180.69,298.02
End polygon at 177.22,298.02

 PATH path74 FOUND 
SVG scale factor = 1.000000
SVG offset = 0.000000,0.000000
POLYGON 11)
Move (rel)	raw = 543.75,366.56	coord = 543.75,366.56
curve (rel)	raw = 0.96,5.23	coord = 544.71,371.79
	raw = 0.64,1.64	coord = 545.35,373.44
	raw = 1.53,3.08	coord = 546.88,376.51
	raw = 2.69,4.30	coord = 549.57,380.82
	raw = 1.16,1.23	coord = 550.73,382.04
	raw = 2.54,2.19	coord = 553.27,384.23
	raw = 4.15,2.89	coord = 557.43,387.12
	raw = 1.61,0.70	coord = 559.04,387.83
	raw = 3.39,1.06	coord = 562.42,388.89
	raw = 5.33,1.06	coord = 567.76,389.94
	raw = 2.48,0.00	coord = 570.24,389.94
	raw = 4.65,-0.56	coord = 574.88,389.38
	raw = 6.49,-1.69	coord = 581.38,387.70
	raw = 1.84,-1.12	coord = 583.22,386.57
	raw = 3.24,-2.64	coord = 586.46,383.93
	raw = 4.18,-4.55	coord = 590.63,379.38
Line (rel)	raw = -3.32,-1.06	coord = 587.31,378.32
curve (rel)	raw = -3.07,3.14	coord = 584.24,381.46
	raw = -1.31,0.76	coord = 582.93,382.22
	raw = -2.77,1.13	coord = 580.17,383.35
	raw = -4.38,1.13	coord = 575.79,384.48
	raw = -1.34,0.00	coord = 574.45,384.48
	raw = -2.59,-0.27	coord = 571.86,384.21
	raw = -3.75,-0.81	coord = 568.11,383.41
	raw = -1.16,-0.54	coord = 566.95,382.87
	raw = -2.16,-1.27	coord = 564.79,381.61
	raw = -3.02,-2.19	coord = 561.77,379.42
	raw = -0.86,-0.92	coord = 560.91,378.50
	raw = -1.53,-2.02	coord = 559.38,376.47
	raw = -2.01,-3.30	coord = 557.37,373.18
	raw = -0.49,-1.28	coord = 556.88,371.90
	raw = -0.73,-2.67	coord = 556.15,369.23
	raw = -0.73,-4.18	coord = 555.43,365.06
	raw = 0.00,-1.48	coord = 555.43,363.58
	raw = 0.25,-2.87	coord = 555.68,360.71
	raw = 0.76,-4.18	coord = 556.43,356.54
	raw = 0.50,-1.31	coord = 556.94,355.23
	raw = 1.19,-2.44	coord = 558.13,352.79
	raw = 2.06,-3.40	coord = 560.19,349.39
	raw = 0.87,-0.96	coord = 561.06,348.43
	raw = 1.89,-1.71	coord = 562.95,346.72
	raw = 3.04,-2.27	coord = 566.00,344.46
	raw = 1.16,-0.55	coord = 567.15,343.90
	raw = 2.39,-0.83	coord = 569.54,343.07
	raw = 3.70,-0.83	coord = 573.24,342.24
	raw = 0.84,0.00	coord = 574.08,342.24
	raw = 1.67,0.12	coord = 575.75,342.36
	raw = 2.49,0.35	coord = 578.24,342.71
	raw = 0.82,0.23	coord = 579.06,342.95
	raw = 1.58,0.56	coord = 580.64,343.51
	raw = 2.29,0.98	coord = 582.93,344.49
	raw = 0.70,0.42	coord = 583.64,344.91
	raw = 1.31,0.90	coord = 584.94,345.80
	raw = 1.81,1.43	coord = 586.76,347.24
	raw = 0.50,0.54	coord = 587.26,347.77
	raw = 0.85,1.11	coord = 588.11,348.88
	raw = 1.06,1.71	coord = 589.17,350.59
Line (rel)	raw = 3.32,-1.01	coord = 592.49,349.59
curve (rel)	raw = -1.61,-2.59	coord = 590.88,347.00
	raw = -0.70,-0.79	coord = 590.18,346.21
	raw = -1.53,-1.48	coord = 588.64,344.73
	raw = -2.49,-2.06	coord = 586.15,342.67
	raw = -0.96,-0.59	coord = 585.19,342.08
	raw = -2.01,-1.04	coord = 583.18,341.04
	raw = -3.17,-1.36	coord = 580.01,339.68
	raw = -1.16,-0.32	coord = 578.85,339.36
	raw = -2.36,-0.48	coord = 576.50,338.89
	raw = -3.60,-0.48	coord = 572.90,338.41
	raw = -1.91,0.00	coord = 570.99,338.41
	raw = -3.67,0.36	coord = 567.32,338.77
	raw = -5.29,1.08	coord = 562.03,339.85
	raw = -1.61,0.72	coord = 560.42,340.57
	raw = -3.00,1.71	coord = 557.42,342.28
	raw = -4.18,2.97	coord = 553.24,345.25
	raw = -1.17,1.26	coord = 552.07,346.51
	raw = -2.09,2.71	coord = 549.98,349.22
	raw = -2.74,4.35	coord = 547.24,353.57
	raw = -0.65,1.64	coord = 546.59,355.21
	raw = -0.98,3.40	coord = 545.60,358.62
	raw = -0.98,5.28	coord = 544.62,363.90
End polygon at 543.75,366.56

 PATH path72 FOUND 
SVG scale factor = 1.000000
SVG offset = 0.000000,0.000000
POLYGON 12)
Move (rel)	raw = 533.69,379.59	coord = 533.69,379.59
Horz (rel)	raw = 3.42,0.00	coord = 537.11,379.59
Vert (rel)	raw = 0.00,-26.22	coord = 537.11,353.38
Horz (rel)	raw = -3.42,0.00	coord = 533.69,353.38
End polygon at 533.69,379.59

 PATH path70 FOUND 
SVG scale factor = 1.000000
SVG offset = 0.000000,0.000000
POLYGON 13)
Move (rel)	raw = 528.66,354.63	coord = 528.66,354.63
curve (rel)	raw = -0.88,-0.40	coord = 527.78,354.23
	raw = -0.39,-0.17	coord = 527.39,354.06
	raw = -0.83,-0.34	coord = 526.56,353.73
	raw = -1.33,-0.50	coord = 525.23,353.22
	raw = -0.50,-0.17	coord = 524.72,353.06
	raw = -1.07,-0.32	coord = 523.65,352.74
	raw = -1.71,-0.45	coord = 521.94,352.29
	raw = -0.64,-0.13	coord = 521.30,352.15
	raw = -1.31,-0.20	coord = 519.99,351.95
	raw = -2.01,-0.20	coord = 517.98,351.75
	raw = -0.74,0.00	coord = 517.24,351.75
	raw = -1.44,0.10	coord = 515.80,351.85
	raw = -2.11,0.30	coord = 513.69,352.16
	raw = -0.67,0.20	coord = 513.02,352.36
	raw = -1.26,0.51	coord = 511.76,352.87
	raw = -1.76,0.93	coord = 510.00,353.80
	raw = -0.50,0.42	coord = 509.49,354.22
	raw = -0.91,0.95	coord = 508.59,355.17
	raw = -1.21,1.58	coord = 507.38,356.75
	raw = -0.30,0.64	coord = 507.08,357.39
	raw = -0.45,1.38	coord = 506.63,358.76
	raw = -0.45,2.21	coord = 506.17,360.98
Vert (rel)	raw = 0.00,18.77	coord = 506.17,379.75
Horz (rel)	raw = -3.62,0.00	coord = 502.55,379.75
Vert (rel)	raw = 0.00,2.72	coord = 502.55,382.47
Horz (rel)	raw = 3.62,0.00	coord = 506.17,382.47
Vert (rel)	raw = 0.00,8.86	coord = 506.17,391.32
Horz (rel)	raw = 3.42,0.00	coord = 509.60,391.32
Vert (rel)	raw = 0.00,-8.86	coord = 509.60,382.47
Horz (rel)	raw = 6.04,0.00	coord = 515.63,382.47
Vert (rel)	raw = 0.00,-2.72	coord = 515.63,379.75
Horz (rel)	raw = -6.04,0.00	coord = 509.60,379.75
Vert (rel)	raw = 0.00,-17.81	coord = 509.60,361.93
curve (rel)	raw = 1.01,-2.14	coord = 510.60,359.80
	raw = 0.60,-0.45	coord = 511.21,359.34
	raw = 1.32,-0.68	coord = 512.53,358.66
	raw = 2.16,-0.68	coord = 514.69,357.98
	raw = 0.97,0.00	coord = 515.67,357.98
	raw = 1.83,0.16	coord = 517.49,358.14
	raw = 2.57,0.48	coord = 520.06,358.62
	raw = 0.74,0.32	coord = 520.80,358.94
	raw = 1.21,0.55	coord = 522.00,359.48
	raw = 1.41,0.68	coord = 523.41,360.16
End polygon at 528.66,354.63

 PATH path68 FOUND 
SVG scale factor = 1.000000
SVG offset = 0.000000,0.000000
POLYGON 14)
Move (rel)	raw = 506.82,367.87	coord = 506.82,367.87
curve (rel)	raw = -0.98,3.85	coord = 505.84,371.72
	raw = -0.56,1.16	coord = 505.28,372.88
	raw = -1.26,2.16	coord = 504.03,375.03
	raw = -2.12,2.99	coord = 501.91,378.03
	raw = -0.85,0.84	coord = 501.06,378.86
	raw = -1.85,1.49	coord = 499.20,380.36
	raw = -2.99,1.96	coord = 496.21,382.32
	raw = -1.14,0.47	coord = 495.07,382.79
	raw = -2.35,0.70	coord = 492.72,383.49
	raw = -3.62,0.70	coord = 489.10,384.20
	raw = -1.28,0.00	coord = 487.82,384.20
	raw = -2.48,-0.23	coord = 485.34,383.96
	raw = -3.62,-0.70	coord = 481.72,383.26
	raw = -1.14,-0.47	coord = 480.57,382.79
	raw = -2.14,-1.12	coord = 478.43,381.66
	raw = -3.00,-1.96	coord = 475.44,379.70
	raw = -0.85,-0.84	coord = 474.58,378.86
	raw = -1.54,-1.84	coord = 473.04,377.02
	raw = -2.06,-3.02	coord = 470.98,374.00
	raw = -0.52,-1.18	coord = 470.46,372.82
	raw = -0.83,-2.45	coord = 469.63,370.38
	raw = -0.93,-3.82	coord = 468.69,366.55
End polygon at 506.82,367.87

 PATH path66 FOUND 
SVG scale factor = 1.000000
SVG offset = 0.000000,0.000000
POLYGON 15)
Move (rel)	raw = 477.58,353.38	coord = 477.58,353.38
Horz (rel)	raw = -3.42,0.00	coord = 474.16,353.38
Vert (rel)	raw = 0.00,14.64	coord = 474.16,368.02
curve (rel)	raw = -1.36,6.79	coord = 472.80,374.81
	raw = -0.91,1.41	coord = 471.90,376.22
	raw = -2.31,2.11	coord = 469.58,378.34
	raw = -4.23,2.11	coord = 465.36,380.45
	raw = -1.01,0.00	coord = 464.35,380.45
	raw = -2.01,-0.18	coord = 462.34,380.26
	raw = -3.02,-0.55	coord = 459.32,379.71
	raw = -1.01,-0.37	coord = 458.31,379.34
	raw = -1.95,-0.89	coord = 456.36,378.45
	raw = -2.82,-1.56	coord = 453.54,376.89
	raw = -0.87,-0.67	coord = 452.67,376.22
	raw = -1.64,-1.47	coord = 451.04,374.75
	raw = -2.29,-2.39	coord = 448.75,372.36
	raw = -0.66,-0.92	coord = 448.09,371.44
	raw = -1.15,-1.92	coord = 446.94,369.52
	raw = -1.49,-2.99	coord = 445.46,366.52
Vert (rel)	raw = 0.00,-16.05	coord = 445.46,350.47
Horz (rel)	raw = -3.42,0.00	coord = 442.04,350.47
Vert (rel)	raw = 0.00,26.22	coord = 442.04,376.69
Horz (rel)	raw = 3.12,0.00	coord = 445.16,376.69
Vert (rel)	raw = 0.00,-5.94	coord = 445.16,370.75
curve (rel)	raw = 1.99,2.59	coord = 447.14,373.34
	raw = 0.79,0.79	coord = 447.93,374.13
	raw = 1.67,1.47	coord = 449.60,375.60
	raw = 2.64,2.04	coord = 452.24,377.64
	raw = 0.97,0.57	coord = 453.22,378.21
	raw = 2.00,1.01	coord = 455.22,379.21
	raw = 3.10,1.31	coord = 458.31,380.52
	raw = 1.09,0.30	coord = 459.40,380.82
	raw = 2.22,0.45	coord = 461.63,381.27
	raw = 3.40,0.45	coord = 465.02,381.73
	raw = 1.48,0.00	coord = 466.50,381.73
	raw = 2.71,-0.27	coord = 469.21,381.46
	raw = 3.70,-0.81	coord = 472.91,380.65
	raw = 0.99,-0.54	coord = 473.89,380.12
	raw = 1.79,-1.29	coord = 475.68,378.82
	raw = 2.39,-2.26	coord = 478.07,376.56
	raw = 0.60,-0.97	coord = 478.68,375.59
	raw = 1.04,-2.16	coord = 479.72,373.42
	raw = 1.31,-3.57	coord = 481.02,369.85
	raw = 0.27,-1.41	coord = 481.29,368.44
	raw = 0.40,-2.97	coord = 481.69,365.47
	raw = 0.40,-4.68	coord = 482.10,360.79
End polygon at 477.58,353.38

 PATH path64 FOUND 
SVG scale factor = 1.000000
SVG offset = 0.000000,0.000000
POLYGON 16)
Move (rel)	raw = 435.11,355.89	coord = 435.11,355.89
curve (rel)	raw = 2.97,0.55	coord = 438.08,356.45
	raw = 0.97,0.37	coord = 439.05,356.82
	raw = 1.85,0.86	coord = 440.91,357.68
	raw = 2.64,1.48	coord = 443.55,359.16
	raw = 0.79,0.62	coord = 444.34,359.78
	raw = 1.45,1.32	coord = 445.79,361.10
	raw = 1.99,2.09	coord = 447.78,363.19
	raw = 0.54,0.77	coord = 448.31,363.96
	raw = 0.89,1.56	coord = 449.20,365.52
	raw = 1.06,2.37	coord = 450.26,367.88
Vert (rel)	raw = 0.00,8.10	coord = 450.26,375.99
curve (rel)	raw = -1.53,2.62	coord = 448.72,378.60
	raw = -0.65,0.81	coord = 448.07,379.41
	raw = -1.38,1.49	coord = 446.69,380.90
	raw = -2.19,2.06	coord = 444.50,382.96
	raw = -0.81,0.57	coord = 443.69,383.53
	raw = -1.67,1.02	coord = 442.02,384.55
	raw = -2.59,1.36	coord = 439.43,385.91
	raw = -0.92,0.34	coord = 438.51,386.25
	raw = -1.85,0.50	coord = 436.65,386.75
	raw = -2.79,0.50	coord = 433.86,387.25
	raw = -1.48,0.00	coord = 432.39,387.25
	raw = -2.78,-0.31	coord = 429.60,386.94
	raw = -3.92,-0.93	coord = 425.68,386.01
	raw = -1.14,-0.62	coord = 424.54,385.39
	raw = -2.11,-1.44	coord = 422.42,383.96
	raw = -2.92,-2.44	coord = 419.51,381.51
	raw = -0.81,-1.01	coord = 418.70,380.51
	raw = -1.42,-2.15	coord = 417.28,378.36
	raw = -1.84,-3.42	coord = 415.45,374.94
	raw = -0.42,-1.27	coord = 415.03,373.66
	raw = -0.63,-2.57	coord = 414.40,371.10
	raw = -0.63,-3.88	coord = 413.77,367.22
	raw = 0.00,-1.41	coord = 413.77,365.81
	raw = 0.25,-2.75	coord = 414.02,363.06
	raw = 0.76,-4.03	coord = 414.77,359.04
	raw = 0.50,-1.27	coord = 415.28,357.76
	raw = 1.19,-2.39	coord = 416.47,355.37
	raw = 2.06,-3.35	coord = 418.53,352.03
	raw = 0.87,-0.96	coord = 419.40,351.07
	raw = 1.90,-1.71	coord = 421.31,349.36
	raw = 3.10,-2.27	coord = 424.40,347.09
	raw = 1.19,-0.55	coord = 425.59,346.54
	raw = 2.47,-0.83	coord = 428.06,345.71
	raw = 3.85,-0.83	coord = 431.91,344.88
Move (rel)	raw = -0.96,-2.87	coord = -0.96,-2.87
curve (rel)	raw = -4.96,1.13	coord = -5.91,-1.74
	raw = -1.49,0.76	coord = -7.41,-0.98
	raw = -2.78,1.75	coord = -10.19,0.77
	raw = -3.87,2.99	coord = -14.06,3.77
	raw = -1.09,1.24	coord = -15.15,5.01
	raw = -1.94,2.67	coord = -17.09,7.68
	raw = -2.54,4.28	coord = -19.63,11.95
	raw = -0.60,1.61	coord = -20.24,13.56
	raw = -0.91,3.27	coord = -21.14,16.83
	raw = -0.91,4.98	coord = -22.05,21.81
	raw = 0.00,1.81	coord = -22.05,23.63
	raw = 0.29,3.55	coord = -21.76,27.17
	raw = 0.88,5.21	coord = -20.87,32.38
	raw = 0.59,1.66	coord = -20.29,34.04
	raw = 1.42,3.11	coord = -18.87,37.15
	raw = 2.49,4.35	coord = -16.38,41.51
	raw = 1.07,1.24	coord = -15.31,42.75
	raw = 2.36,2.23	coord = -12.95,44.98
	raw = 3.85,2.97	coord = -9.10,47.95
	raw = 1.49,0.74	coord = -7.61,48.69
	raw = 3.15,1.11	coord = -4.47,49.79
	raw = 4.96,1.11	coord = 0.49,50.90
	raw = 2.25,0.00	coord = 2.74,50.90
	raw = 4.19,-0.56	coord = 6.93,50.34
	raw = 5.84,-1.69	coord = 12.77,48.65
	raw = 1.64,-1.12	coord = 14.41,47.53
	raw = 3.05,-2.54	coord = 17.46,44.99
	raw = 4.23,-4.25	coord = 21.69,40.73
Vert (rel)	raw = 0.00,5.49	coord = 21.69,46.22
Horz (rel)	raw = 3.07,0.00	coord = 24.76,46.22
Vert (rel)	raw = 0.00,-26.32	coord = 24.76,19.90
curve (rel)	raw = -1.03,-4.80	coord = 23.73,15.10
	raw = -0.69,-1.39	coord = 23.04,13.70
	raw = -1.61,-2.56	coord = 21.43,11.15
	raw = -2.77,-3.50	coord = 18.66,7.65
	raw = -1.16,-0.94	coord = 17.50,6.71
	raw = -2.52,-1.64	coord = 14.98,5.07
	raw = -4.10,-2.11	coord = 10.88,2.95
	raw = -1.58,-0.47	coord = 9.30,2.48
	raw = -3.24,-0.71	coord = 6.06,1.78
	raw = -4.98,-0.71	coord = 1.08,1.07
	raw = -2.99,0.00	coord = -1.90,1.07
	raw = -5.40,0.54	coord = -7.30,1.61
	raw = -7.25,1.61	coord = -14.55,3.22
	raw = -1.84,1.07	coord = -16.40,4.30
	raw = -3.34,2.52	coord = -19.73,6.81
	raw = -4.48,4.33	coord = -24.21,11.14
Line (rel)	raw = 2.11,1.66	coord = -22.10,12.80
curve (rel)	raw = 4.13,-3.70	coord = -17.97,9.10
	raw = 1.71,-0.79	coord = -16.26,8.32
	raw = 3.54,-1.18	coord = -12.72,7.13
	raw = 5.49,-1.18	coord = -7.24,5.95
	raw = 1.27,0.00	coord = -5.96,5.95
	raw = 2.49,0.17	coord = -3.47,6.13
	raw = 3.65,0.53	coord = 0.17,6.65
	raw = 1.16,0.35	coord = 1.33,7.01
	raw = 2.16,0.87	coord = 3.50,7.88
	raw = 3.02,1.56	coord = 6.52,9.44
	raw = 0.85,0.69	coord = 7.37,10.13
	raw = 1.53,1.56	coord = 8.91,11.69
	raw = 2.04,2.62	coord = 10.94,14.31
	raw = 0.50,1.06	coord = 11.45,15.36
	raw = 0.75,2.29	coord = 12.20,17.65
	raw = 0.75,3.70	coord = 12.95,21.35
Vert (rel)	raw = 0.00,5.18	coord = 12.95,26.53
curve (rel)	raw = -4.15,-3.98	coord = 8.80,22.56
	raw = -1.73,-0.97	coord = 7.08,21.58
	raw = -3.55,-1.46	coord = 3.53,20.13
	raw = -5.46,-1.46	coord = -1.93,18.67
End polygon at 435.11,355.89

 PATH path62 FOUND 
SVG scale factor = 1.000000
SVG offset = 0.000000,0.000000
POLYGON 17)
Move (rel)	raw = 402.76,355.49	coord = 402.76,355.49
curve (rel)	raw = 4.50,0.98	coord = 407.26,356.47
	raw = 1.49,0.65	coord = 408.75,357.13
	raw = 2.67,1.55	coord = 411.43,358.68
	raw = 3.55,2.69	coord = 414.97,361.37
	raw = 0.23,0.30	coord = 415.21,361.67
	raw = 0.44,0.63	coord = 415.65,362.30
	raw = 0.60,0.98	coord = 416.25,363.28
	raw = 0.17,0.35	coord = 416.42,363.63
	raw = 0.25,0.68	coord = 416.67,364.31
	raw = 0.25,0.98	coord = 416.92,365.29
Vert (rel)	raw = 0.00,4.28	coord = 416.92,369.57
curve (rel)	raw = -3.57,1.01	coord = 413.35,370.58
	raw = -1.24,0.23	coord = 412.11,370.81
	raw = -2.45,0.35	coord = 409.66,371.16
	raw = -3.62,0.35	coord = 406.04,371.51
	raw = -2.45,0.00	coord = 403.59,371.51
	raw = -4.44,-0.49	coord = 399.15,371.02
	raw = -5.96,-1.48	coord = 393.19,369.53
	raw = -1.53,-0.99	coord = 391.66,368.54
	raw = -2.29,-2.36	coord = 389.37,366.19
	raw = -2.29,-4.10	coord = 387.08,362.09
	raw = 0.00,-0.70	coord = 387.08,361.38
	raw = 0.13,-1.39	coord = 387.21,359.99
	raw = 0.40,-2.06	coord = 387.62,357.93
	raw = 0.27,-0.67	coord = 387.88,357.25
	raw = 0.68,-1.28	coord = 388.56,355.98
	raw = 1.23,-1.81	coord = 389.80,354.16
	raw = 0.55,-0.54	coord = 390.35,353.63
	raw = 1.23,-0.97	coord = 391.58,352.65
	raw = 2.04,-1.31	coord = 393.62,351.35
	raw = 0.81,-0.34	coord = 394.43,351.01
	raw = 1.76,-0.50	coord = 396.19,350.51
	raw = 2.87,-0.50	coord = 399.05,350.01
Move (rel)	raw = -0.86,-2.62	coord = -0.86,-2.62
curve (rel)	raw = -3.67,0.63	coord = -4.53,-1.99
	raw = -1.11,0.42	coord = -5.64,-1.57
	raw = -2.06,1.00	coord = -7.69,-0.57
	raw = -2.84,1.74	coord = -10.53,1.16
	raw = -0.79,0.74	coord = -11.32,1.90
	raw = -1.40,1.59	coord = -12.72,3.50
	raw = -1.84,2.57	coord = -14.56,6.06
	raw = -0.44,0.97	coord = -15.00,7.03
	raw = -0.65,2.00	coord = -15.65,9.03
	raw = -0.65,3.07	coord = -16.30,12.10
	raw = 0.00,1.21	coord = -16.30,13.31
	raw = 0.27,2.31	coord = -16.04,15.61
	raw = 0.81,3.30	coord = -15.23,18.91
	raw = 0.54,0.99	coord = -14.69,19.90
	raw = 1.29,1.84	coord = -13.40,21.73
	raw = 2.26,2.54	coord = -11.14,24.28
	raw = 0.97,0.70	coord = -10.17,24.98
	raw = 2.14,1.25	coord = -8.03,26.23
	raw = 3.50,1.64	coord = -4.53,27.87
	raw = 1.36,0.38	coord = -3.17,28.25
	raw = 2.86,0.58	coord = -0.31,28.83
	raw = 4.50,0.58	coord = 4.19,29.41
	raw = 1.31,0.00	coord = 5.50,29.41
	raw = 2.65,-0.12	coord = 8.15,29.29
	raw = 4.03,-0.35	coord = 12.17,28.94
	raw = 1.37,-0.23	coord = 13.55,28.70
	raw = 2.60,-0.57	coord = 16.15,28.13
	raw = 3.67,-1.01	coord = 19.82,27.12
Vert (rel)	raw = 0.00,2.37	coord = 19.82,29.49
curve (rel)	raw = -1.99,5.51	coord = 17.83,35.00
	raw = -1.32,1.36	coord = 16.51,36.36
	raw = -3.11,2.04	coord = 13.40,38.39
	raw = -5.36,2.04	coord = 8.04,40.43
	raw = -1.41,0.00	coord = 6.63,40.43
	raw = -2.81,-0.27	coord = 3.82,40.16
	raw = -4.20,-0.81	coord = -0.38,39.36
	raw = -1.39,-0.54	coord = -1.78,38.82
	raw = -2.81,-1.31	coord = -4.59,37.51
	raw = -4.25,-2.31	coord = -8.84,35.20
Line (rel)	raw = -1.21,2.26	coord = -10.05,37.46
curve (rel)	raw = 4.98,2.57	coord = -5.06,40.03
	raw = 1.61,0.57	coord = -3.45,40.60
	raw = 3.29,0.86	coord = -0.17,41.46
	raw = 5.03,0.86	coord = 4.86,42.31
	raw = 3.19,0.00	coord = 8.05,42.31
	raw = 5.72,-0.92	coord = 13.77,41.39
	raw = 7.60,-2.77	coord = 21.37,38.62
	raw = 1.88,-1.84	coord = 23.25,36.78
	raw = 2.82,-4.39	coord = 26.07,32.38
	raw = 2.82,-7.65	coord = 28.88,24.73
Vert (rel)	raw = 0.00,-11.83	coord = 28.88,12.91
curve (rel)	raw = 1.21,-1.41	coord = 30.09,11.50
Vert (rel)	raw = 0.00,-3.02	coord = 30.09,8.48
curve (rel)	raw = -0.76,-0.08	coord = 29.34,8.40
	raw = -0.23,-0.02	coord = 29.10,8.39
	raw = -0.44,-0.03	coord = 28.67,8.36
	raw = -0.60,-0.03	coord = 28.06,8.34
	raw = -0.67,0.00	coord = 27.39,8.34
	raw = -1.28,0.20	coord = 26.11,8.54
	raw = -1.84,0.60	coord = 24.27,9.14
	raw = -0.55,0.40	coord = 23.72,9.54
	raw = -0.86,1.00	coord = 22.85,10.55
	raw = -0.93,1.81	coord = 21.92,12.36
Line (rel)	raw = -0.10,2.06	coord = 21.82,14.42
curve (rel)	raw = -4.50,-3.60	coord = 17.32,10.82
	raw = -1.86,-0.85	coord = 15.46,9.97
	raw = -3.75,-1.28	coord = 11.71,8.69
	raw = -5.66,-1.28	coord = 6.04,7.40
End polygon at 402.76,355.49

 PATH path60 FOUND 
SVG scale factor = 1.000000
SVG offset = 0.000000,0.000000
POLYGON 18)
Move (rel)	raw = 386.86,353.38	coord = 386.86,353.38
Horz (rel)	raw = -3.42,0.00	coord = 383.43,353.38
Vert (rel)	raw = 0.00,14.64	coord = 383.43,368.02
curve (rel)	raw = -1.43,6.74	coord = 382.00,374.76
	raw = -0.96,1.44	coord = 381.04,376.21
	raw = -2.41,2.16	coord = 378.63,378.37
	raw = -4.35,2.16	coord = 374.28,380.53
	raw = -1.01,0.00	coord = 373.28,380.53
	raw = -1.96,-0.18	coord = 371.32,380.35
	raw = -2.84,-0.55	coord = 368.48,379.79
	raw = -0.89,-0.37	coord = 367.59,379.42
	raw = -1.71,-0.89	coord = 365.88,378.53
	raw = -2.47,-1.56	coord = 363.41,376.97
	raw = -0.75,-0.67	coord = 362.66,376.30
	raw = -1.42,-1.47	coord = 361.24,374.84
	raw = -1.99,-2.39	coord = 359.25,372.45
	raw = -0.57,-0.92	coord = 358.68,371.52
	raw = -1.01,-1.94	coord = 357.67,369.59
	raw = -1.31,-3.04	coord = 356.37,366.54
Vert (rel)	raw = 0.00,-16.00	coord = 356.37,350.54
Horz (rel)	raw = -3.42,0.00	coord = 352.94,350.54
Vert (rel)	raw = 0.00,14.64	coord = 352.94,365.18
curve (rel)	raw = -1.41,6.79	coord = 351.53,371.98
	raw = -0.94,1.41	coord = 350.60,373.38
	raw = -2.38,2.11	coord = 348.21,375.50
	raw = -4.33,2.11	coord = 343.89,377.61
	raw = -1.98,0.00	coord = 341.91,377.61
	raw = -3.74,-0.69	coord = 338.17,376.92
	raw = -5.28,-2.06	coord = 332.88,374.86
	raw = -1.54,-1.38	coord = 331.34,373.48
	raw = -2.65,-3.19	coord = 328.69,370.30
	raw = -3.32,-5.43	coord = 325.37,364.86
Vert (rel)	raw = 0.00,-16.05	coord = 325.37,348.81
Horz (rel)	raw = -3.42,0.00	coord = 321.94,348.81
Vert (rel)	raw = 0.00,26.22	coord = 321.94,375.03
Horz (rel)	raw = 3.12,0.00	coord = 325.06,375.03
Vert (rel)	raw = 0.00,-5.94	coord = 325.06,369.09
curve (rel)	raw = 4.23,4.71	coord = 329.29,373.79
	raw = 1.74,1.12	coord = 331.04,374.92
	raw = 3.67,1.69	coord = 334.71,376.60
	raw = 5.79,1.69	coord = 340.50,378.29
	raw = 2.21,0.00	coord = 342.71,378.29
	raw = 3.99,-0.62	coord = 346.70,377.67
	raw = 5.33,-1.86	coord = 352.03,375.80
	raw = 1.34,-1.24	coord = 353.38,374.56
	raw = 2.15,-2.87	coord = 355.52,371.69
	raw = 2.42,-4.88	coord = 357.94,366.81
	raw = 2.45,4.50	coord = 360.39,371.31
	raw = 5.84,6.74	coord = 366.22,378.05
	raw = 10.16,6.74	coord = 376.39,384.79
	raw = 1.44,0.00	coord = 377.83,384.79
	raw = 2.67,-0.27	coord = 380.50,384.52
	raw = 3.70,-0.81	coord = 384.20,383.72
	raw = 1.02,-0.54	coord = 385.23,383.18
	raw = 1.84,-1.30	coord = 387.07,381.88
	raw = 2.47,-2.29	coord = 389.54,379.59
	raw = 0.62,-0.99	coord = 390.16,378.60
	raw = 1.07,-2.18	coord = 391.23,376.42
	raw = 1.36,-3.57	coord = 392.59,372.85
	raw = 0.28,-1.39	coord = 392.87,371.45
	raw = 0.43,-2.94	coord = 393.30,368.51
	raw = 0.43,-4.65	coord = 393.73,363.86
End polygon at 386.86,353.38

 PATH path58 FOUND 
SVG scale factor = 1.000000
SVG offset = 0.000000,0.000000
POLYGON 19)
Move (rel)	raw = 318.72,366.36	coord = 318.72,366.36
curve (rel)	raw = 0.73,-4.10	coord = 319.45,362.26
	raw = 0.48,-1.26	coord = 319.94,361.00
	raw = 1.16,-2.37	coord = 321.09,358.64
	raw = 2.01,-3.32	coord = 323.11,355.31
	raw = 0.85,-0.96	coord = 323.96,354.36
	raw = 1.86,-1.70	coord = 325.82,352.65
	raw = 3.02,-2.24	coord = 328.84,350.41
	raw = 1.16,-0.54	coord = 330.00,349.88
	raw = 2.39,-0.81	coord = 332.39,349.07
	raw = 3.70,-0.81	coord = 336.09,348.27
	raw = 1.31,0.00	coord = 337.40,348.27
	raw = 2.54,0.28	coord = 339.94,348.54
	raw = 3.70,0.83	coord = 343.64,349.37
	raw = 1.16,0.55	coord = 344.79,349.93
	raw = 2.17,1.31	coord = 346.96,351.23
	raw = 3.04,2.27	coord = 350.01,353.50
	raw = 0.87,0.96	coord = 350.88,354.46
	raw = 1.56,2.07	coord = 352.44,356.53
	raw = 2.06,3.35	coord = 354.50,359.87
	raw = 0.50,1.27	coord = 355.01,361.15
	raw = 0.75,2.65	coord = 355.76,363.79
	raw = 0.75,4.13	coord = 356.51,367.92
	raw = 0.00,1.44	coord = 356.51,369.36
	raw = -0.25,2.81	coord = 356.26,372.17
	raw = -0.75,4.10	coord = 355.51,376.27
	raw = -0.50,1.29	coord = 355.00,377.56
	raw = -1.19,2.42	coord = 353.81,379.98
	raw = -2.06,3.37	coord = 351.75,383.35
	raw = -0.87,0.95	coord = 350.88,384.31
	raw = -1.88,1.71	coord = 349.00,386.02
	raw = -3.02,2.26	coord = 345.98,388.28
	raw = -1.14,0.55	coord = 344.84,388.83
	raw = -2.37,0.83	coord = 342.47,389.66
	raw = -3.67,0.83	coord = 338.80,390.49
	raw = -1.31,0.00	coord = 337.49,390.49
	raw = -2.54,-0.28	coord = 334.95,390.22
	raw = -3.70,-0.83	coord = 331.25,389.39
	raw = -1.16,-0.55	coord = 330.09,388.83
	raw = -2.16,-1.32	coord = 327.93,387.52
	raw = -3.02,-2.29	coord = 324.91,385.23
	raw = -0.85,-0.97	coord = 324.05,384.25
	raw = -1.53,-2.11	coord = 322.52,382.15
	raw = -2.04,-3.40	coord = 320.48,378.75
	raw = -0.50,-1.29	coord = 319.98,377.46
	raw = -0.75,-2.68	coord = 319.23,374.78
	raw = -0.75,-4.15	coord = 318.47,370.63
Move (rel)	raw = 9.51,-13.48	coord = 9.51,-13.48
curve (rel)	raw = -5.26,1.08	coord = 4.25,-12.40
	raw = -1.59,0.72	coord = 2.66,-11.68
	raw = -2.97,1.70	coord = -0.31,-9.98
	raw = -4.13,2.94	coord = -4.44,-7.04
	raw = -1.16,1.24	coord = -5.60,-5.80
	raw = -2.06,2.68	coord = -7.65,-3.11
	raw = -2.69,4.33	coord = -10.34,1.22
	raw = -0.64,1.64	coord = -10.98,2.86
	raw = -0.96,3.37	coord = -11.94,6.23
	raw = -0.96,5.18	coord = -12.89,11.41
	raw = 0.00,1.84	coord = -12.89,13.26
	raw = 0.33,3.59	coord = -12.57,16.85
	raw = 0.98,5.23	coord = -11.58,22.08
	raw = 0.66,1.64	coord = -10.93,23.72
	raw = 1.56,3.09	coord = -9.37,26.81
	raw = 2.72,4.33	coord = -6.65,31.13
	raw = 1.16,1.24	coord = -5.49,32.38
	raw = 2.53,2.23	coord = -2.96,34.61
	raw = 4.13,2.97	coord = 1.17,37.58
	raw = 1.59,0.74	coord = 2.76,38.32
	raw = 3.33,1.11	coord = 6.09,39.42
	raw = 5.21,1.11	coord = 11.30,40.53
	raw = 1.88,0.00	coord = 13.17,40.53
	raw = 3.62,-0.37	coord = 16.79,40.16
	raw = 5.21,-1.11	coord = 22.00,39.05
	raw = 1.59,-0.74	coord = 23.59,38.32
	raw = 2.97,-1.73	coord = 26.56,36.59
	raw = 4.13,-2.97	coord = 30.69,33.62
	raw = 1.16,-1.24	coord = 31.84,32.38
	raw = 2.06,-2.68	coord = 33.91,29.70
	raw = 2.72,-4.33	coord = 36.62,25.37
	raw = 0.65,-1.64	coord = 37.28,23.72
	raw = 0.98,-3.39	coord = 38.26,20.34
	raw = 0.98,-5.23	coord = 39.24,15.10
	raw = 0.00,-1.81	coord = 39.24,13.29
	raw = -0.33,-3.54	coord = 38.91,9.75
	raw = -0.98,-5.18	coord = 37.93,4.57
	raw = -0.65,-1.64	coord = 37.28,2.92
	raw = -1.56,-3.09	coord = 35.72,-0.16
	raw = -2.72,-4.33	coord = 33.00,-4.49
	raw = -1.16,-1.24	coord = 31.84,-5.73
	raw = -2.53,-2.22	coord = 29.31,-7.95
	raw = -4.13,-2.94	coord = 25.18,-10.90
	raw = -1.59,-0.72	coord = 23.59,-11.62
	raw = -3.33,-1.08	coord = 20.26,-12.70
	raw = -5.21,-1.08	coord = 15.05,-13.78
End polygon at 318.72,366.36

 PATH path56 FOUND 
SVG scale factor = 1.000000
SVG offset = 0.000000,0.000000
POLYGON 20)
Move (rel)	raw = 312.53,376.57	coord = 312.53,376.57
curve (rel)	raw = -6.04,-1.91	coord = 306.49,374.66
	raw = -1.71,-1.21	coord = 304.78,373.46
	raw = -2.92,-2.87	coord = 301.86,370.59
	raw = -3.62,-4.98	coord = 298.24,365.61
Vert (rel)	raw = 0.00,-16.30	coord = 298.24,349.30
Horz (rel)	raw = -3.42,0.00	coord = 294.82,349.30
Vert (rel)	raw = 0.00,26.22	coord = 294.82,375.52
Horz (rel)	raw = 3.22,0.00	coord = 298.04,375.52
Vert (rel)	raw = 0.00,-6.29	coord = 298.04,369.23
curve (rel)	raw = 3.57,4.61	coord = 301.61,373.83
	raw = 1.48,1.22	coord = 303.08,375.06
	raw = 3.07,1.84	coord = 306.15,376.89
	raw = 4.78,1.84	coord = 310.93,378.73
Horz (rel)	raw = 0.85,0.00	coord = 311.79,378.73
curve (rel)	raw = 0.66,-0.05	coord = 312.44,378.68
End polygon at 312.53,376.57

 PATH path54 FOUND 
SVG scale factor = 1.000000
SVG offset = 0.000000,0.000000
POLYGON 21)
Move (rel)	raw = 294.42,354.63	coord = 294.42,354.63
curve (rel)	raw = -0.88,-0.40	coord = 293.54,354.23
	raw = -0.39,-0.17	coord = 293.15,354.06
	raw = -0.83,-0.34	coord = 292.32,353.73
	raw = -1.33,-0.50	coord = 290.99,353.22
	raw = -0.50,-0.17	coord = 290.48,353.06
	raw = -1.07,-0.32	coord = 289.41,352.74
	raw = -1.71,-0.45	coord = 287.70,352.29
	raw = -0.64,-0.13	coord = 287.06,352.15
	raw = -1.31,-0.20	coord = 285.75,351.95
	raw = -2.01,-0.20	coord = 283.74,351.75
	raw = -0.74,0.00	coord = 283.00,351.75
	raw = -1.44,0.10	coord = 281.56,351.85
	raw = -2.11,0.30	coord = 279.45,352.16
	raw = -0.67,0.20	coord = 278.77,352.36
	raw = -1.26,0.51	coord = 277.52,352.87
	raw = -1.76,0.93	coord = 275.75,353.80
	raw = -0.50,0.42	coord = 275.25,354.22
	raw = -0.91,0.95	coord = 274.34,355.17
	raw = -1.21,1.58	coord = 273.13,356.75
	raw = -0.30,0.64	coord = 272.83,357.39
	raw = -0.45,1.38	coord = 272.38,358.76
	raw = -0.45,2.21	coord = 271.93,360.98
Vert (rel)	raw = 0.00,18.77	coord = 271.93,379.75
Horz (rel)	raw = -3.62,0.00	coord = 268.30,379.75
Vert (rel)	raw = 0.00,2.72	coord = 268.30,382.47
Horz (rel)	raw = 3.62,0.00	coord = 271.93,382.47
Vert (rel)	raw = 0.00,8.86	coord = 271.93,391.32
Horz (rel)	raw = 3.42,0.00	coord = 275.35,391.32
Vert (rel)	raw = 0.00,-8.86	coord = 275.35,382.47
Horz (rel)	raw = 6.04,0.00	coord = 281.39,382.47
Vert (rel)	raw = 0.00,-2.72	coord = 281.39,379.75
Horz (rel)	raw = -6.04,0.00	coord = 275.35,379.75
Vert (rel)	raw = 0.00,-17.81	coord = 275.35,361.93
curve (rel)	raw = 1.01,-2.14	coord = 276.36,359.80
	raw = 0.60,-0.45	coord = 276.96,359.34
	raw = 1.32,-0.68	coord = 278.28,358.66
	raw = 2.16,-0.68	coord = 280.45,357.98
	raw = 0.97,0.00	coord = 281.42,357.98
	raw = 1.83,0.16	coord = 283.25,358.14
	raw = 2.57,0.48	coord = 285.81,358.62
	raw = 0.74,0.32	coord = 286.55,358.94
	raw = 1.21,0.55	coord = 287.76,359.48
	raw = 1.41,0.68	coord = 289.17,360.16
End polygon at 294.42,354.63

 PATH path52 FOUND 
SVG scale factor = 1.000000
SVG offset = 0.000000,0.000000
POLYGON 22)
Move (rel)	raw = 251.34,366.56	coord = 251.34,366.56
curve (rel)	raw = 0.96,5.23	coord = 252.30,371.79
	raw = 0.64,1.64	coord = 252.93,373.44
	raw = 1.53,3.08	coord = 254.47,376.51
	raw = 2.69,4.30	coord = 257.16,380.82
	raw = 1.16,1.23	coord = 258.32,382.04
	raw = 2.54,2.19	coord = 260.86,384.23
	raw = 4.15,2.89	coord = 265.01,387.12
	raw = 1.61,0.70	coord = 266.62,387.83
	raw = 3.39,1.06	coord = 270.01,388.89
	raw = 5.33,1.06	coord = 275.34,389.94
	raw = 2.48,0.00	coord = 277.83,389.94
	raw = 4.65,-0.56	coord = 282.47,389.38
	raw = 6.49,-1.69	coord = 288.96,387.70
	raw = 1.84,-1.12	coord = 290.81,386.57
	raw = 3.24,-2.64	coord = 294.05,383.93
	raw = 4.18,-4.55	coord = 298.22,379.38
Line (rel)	raw = -3.32,-1.06	coord = 294.90,378.32
curve (rel)	raw = -3.07,3.14	coord = 291.83,381.46
	raw = -1.31,0.76	coord = 290.52,382.22
	raw = -2.77,1.13	coord = 287.75,383.35
	raw = -4.38,1.13	coord = 283.38,384.48
	raw = -1.34,0.00	coord = 282.03,384.48
	raw = -2.59,-0.27	coord = 279.44,384.21
	raw = -3.75,-0.81	coord = 275.69,383.41
	raw = -1.16,-0.54	coord = 274.54,382.87
	raw = -2.16,-1.27	coord = 272.37,381.61
	raw = -3.02,-2.19	coord = 269.35,379.42
	raw = -0.86,-0.92	coord = 268.50,378.50
	raw = -1.53,-2.02	coord = 266.97,376.47
	raw = -2.01,-3.30	coord = 264.96,373.18
	raw = -0.49,-1.28	coord = 264.47,371.90
	raw = -0.73,-2.67	coord = 263.74,369.23
	raw = -0.73,-4.18	coord = 263.01,365.06
	raw = 0.00,-1.48	coord = 263.01,363.58
	raw = 0.25,-2.87	coord = 263.26,360.71
	raw = 0.75,-4.18	coord = 264.02,356.54
	raw = 0.50,-1.31	coord = 264.52,355.23
	raw = 1.19,-2.44	coord = 265.71,352.79
	raw = 2.06,-3.40	coord = 267.78,349.39
	raw = 0.87,-0.96	coord = 268.65,348.43
	raw = 1.89,-1.71	coord = 270.53,346.72
	raw = 3.04,-2.27	coord = 273.58,344.46
	raw = 1.16,-0.55	coord = 274.74,343.90
	raw = 2.39,-0.83	coord = 277.13,343.07
	raw = 3.70,-0.83	coord = 280.82,342.24
	raw = 0.84,0.00	coord = 281.66,342.24
	raw = 1.67,0.12	coord = 283.33,342.36
	raw = 2.49,0.35	coord = 285.82,342.71
	raw = 0.82,0.23	coord = 286.64,342.95
	raw = 1.58,0.56	coord = 288.23,343.51
	raw = 2.29,0.98	coord = 290.52,344.49
	raw = 0.70,0.42	coord = 291.22,344.91
	raw = 1.31,0.90	coord = 292.53,345.80
	raw = 1.81,1.43	coord = 294.34,347.24
	raw = 0.50,0.54	coord = 294.84,347.77
	raw = 0.85,1.11	coord = 295.70,348.88
	raw = 1.06,1.71	coord = 296.76,350.59
Line (rel)	raw = 3.32,-1.01	coord = 300.08,349.59
curve (rel)	raw = -1.61,-2.59	coord = 298.47,347.00
	raw = -0.70,-0.79	coord = 297.76,346.21
	raw = -1.53,-1.48	coord = 296.23,344.73
	raw = -2.49,-2.06	coord = 293.74,342.67
	raw = -0.96,-0.59	coord = 292.78,342.08
	raw = -2.01,-1.04	coord = 290.77,341.04
	raw = -3.17,-1.36	coord = 287.60,339.68
	raw = -1.16,-0.32	coord = 286.44,339.36
	raw = -2.36,-0.48	coord = 284.08,338.89
	raw = -3.60,-0.48	coord = 280.48,338.41
	raw = -1.91,0.00	coord = 278.57,338.41
	raw = -3.67,0.36	coord = 274.90,338.77
	raw = -5.28,1.08	coord = 269.61,339.85
	raw = -1.61,0.72	coord = 268.00,340.57
	raw = -3.00,1.71	coord = 265.00,342.28
	raw = -4.18,2.97	coord = 260.82,345.25
	raw = -1.18,1.26	coord = 259.65,346.51
	raw = -2.09,2.71	coord = 257.56,349.22
	raw = -2.74,4.35	coord = 254.82,353.57
	raw = -0.65,1.64	coord = 254.16,355.21
	raw = -0.98,3.40	coord = 253.18,358.62
	raw = -0.98,5.28	coord = 252.20,363.90
End polygon at 251.34,366.56

 PATH path50 FOUND 
SVG scale factor = 1.000000
SVG offset = 0.000000,0.000000
POLYGON 23)
Move (rel)	raw = 243.64,367.87	coord = 243.64,367.87
curve (rel)	raw = -0.98,3.85	coord = 242.66,371.72
	raw = -0.55,1.16	coord = 242.11,372.88
	raw = -1.26,2.16	coord = 240.85,375.03
	raw = -2.11,2.99	coord = 238.74,378.03
	raw = -0.85,0.84	coord = 237.88,378.86
	raw = -1.85,1.49	coord = 236.03,380.36
	raw = -2.99,1.96	coord = 233.03,382.32
	raw = -1.14,0.47	coord = 231.89,382.79
	raw = -2.35,0.70	coord = 229.54,383.49
	raw = -3.62,0.70	coord = 225.92,384.20
	raw = -1.28,0.00	coord = 224.64,384.20
	raw = -2.48,-0.23	coord = 222.16,383.96
	raw = -3.62,-0.70	coord = 218.54,383.26
	raw = -1.14,-0.47	coord = 217.40,382.79
	raw = -2.14,-1.12	coord = 215.26,381.66
	raw = -3.00,-1.96	coord = 212.26,379.70
	raw = -0.85,-0.84	coord = 211.41,378.86
	raw = -1.54,-1.84	coord = 209.87,377.02
	raw = -2.06,-3.02	coord = 207.80,374.00
	raw = -0.52,-1.18	coord = 207.28,372.82
	raw = -0.83,-2.45	coord = 206.45,370.38
	raw = -0.93,-3.82	coord = 205.52,366.55
End polygon at 243.64,367.87

 PATH path48 FOUND 
SVG scale factor = 1.000000
SVG offset = 0.000000,0.000000
POLYGON 24)
Move (rel)	raw = 208.37,390.11	coord = 208.37,390.11
Horz (rel)	raw = 3.42,0.00	coord = 211.79,390.11
Vert (rel)	raw = 0.00,-30.80	coord = 211.79,359.31
curve (rel)	raw = 0.81,-2.29	coord = 212.60,357.03
	raw = 0.54,-0.55	coord = 213.13,356.47
	raw = 1.29,-0.83	coord = 214.42,355.64
	raw = 2.26,-0.83	coord = 216.69,354.81
	raw = 0.37,0.00	coord = 217.06,354.81
	raw = 0.81,0.05	coord = 217.86,354.86
	raw = 1.31,0.15	coord = 219.17,355.01
	raw = 0.50,0.10	coord = 219.67,355.11
	raw = 0.97,0.23	coord = 220.65,355.35
	raw = 1.41,0.40	coord = 222.05,355.75
Line (rel)	raw = 0.60,-2.77	coord = 222.66,352.98
curve (rel)	raw = -2.34,-0.65	coord = 220.32,352.33
	raw = -0.92,-0.17	coord = 219.39,352.16
	raw = -1.72,-0.25	coord = 217.67,351.91
	raw = -2.39,-0.25	coord = 215.28,351.66
	raw = -1.58,0.00	coord = 213.71,351.66
	raw = -2.82,0.44	coord = 210.89,352.10
	raw = -3.72,1.33	coord = 207.17,353.43
	raw = -0.91,0.89	coord = 206.26,354.32
	raw = -1.36,2.14	coord = 204.90,356.46
	raw = -1.36,3.75	coord = 203.54,360.21
End polygon at 208.37,390.11

 PATH path46 FOUND 
SVG scale factor = 1.000000
SVG offset = 0.000000,0.000000
POLYGON 25)
Move (rel)	raw = 201.22,356.50	coord = 201.22,356.50
Vert (rel)	raw = 0.00,-3.12	coord = 201.22,353.38
Horz (rel)	raw = -24.00,0.00	coord = 177.22,353.38
Vert (rel)	raw = 0.00,35.73	coord = 177.22,389.10
Horz (rel)	raw = 23.55,0.00	coord = 200.77,389.10
Vert (rel)	raw = 0.00,-3.12	coord = 200.77,385.98
Horz (rel)	raw = -20.08,0.00	coord = 180.69,385.98
Vert (rel)	raw = 0.00,-12.88	coord = 180.69,373.10
Horz (rel)	raw = 17.51,0.00	coord = 198.20,373.10
Vert (rel)	raw = 0.00,-2.97	coord = 198.20,370.13
Horz (rel)	raw = -17.51,0.00	coord = 180.69,370.13
Vert (rel)	raw = 0.00,-13.64	coord = 180.69,356.50
End polygon at 201.22,356.50

 PATH path44 FOUND 
SVG scale factor = 1.000000
SVG offset = 0.000000,0.000000
POLYGON 26)
Move (rel)	raw = 117.85,342.55	coord = 117.85,342.55
curve (rel)	raw = -5.74,-4.28	coord = 112.11,338.27
Line (rel)	raw = -5.35,3.52	coord = 106.77,341.79
curve (rel)	raw = 9.94,8.79	coord = 116.70,350.58
	raw = 4.20,0.00	coord = 120.91,350.58
	raw = 8.40,-4.05	coord = 129.31,346.53
	raw = 11.46,-4.05	coord = 140.77,342.48
	raw = 1.83,0.00	coord = 142.61,342.48
	raw = 3.59,0.92	coord = 146.20,343.39
	raw = 5.88,4.28	coord = 152.08,347.67
Line (rel)	raw = 5.27,-3.51	coord = 157.36,344.16
curve (rel)	raw = -10.55,-8.95	coord = 146.81,335.21
	raw = -4.51,0.00	coord = 142.30,335.21
	raw = -8.41,4.20	coord = 133.89,339.42
	raw = -10.93,4.20	coord = 122.96,343.62
End polygon at 117.85,342.55

 PATH path42 FOUND 
SVG scale factor = 1.000000
SVG offset = 0.000000,0.000000
POLYGON 27)
Move (rel)	raw = 123.04,319.85	coord = 123.04,319.85
curve (rel)	raw = -24.38,24.69	coord = 98.66,344.54
	raw = 0.00,13.30	coord = 98.66,357.84
	raw = 11.01,24.53	coord = 109.67,382.37
	raw = 24.38,24.53	coord = 134.05,406.91
	raw = 13.22,0.00	coord = 147.27,406.91
	raw = 24.15,-11.23	coord = 171.43,395.67
	raw = 24.15,-24.53	coord = 195.58,371.14
	raw = 0.00,-13.30	coord = 195.58,357.84
	raw = -10.93,-24.69	coord = 184.65,333.15
	raw = -24.15,-24.69	coord = 160.50,308.46
Move (rel)	raw = 2.52,54.03	coord = 2.52,54.03
Vert (rel)	raw = 0.00,55.46	coord = 2.52,109.50
Horz (rel)	raw = -5.12,0.00	coord = -2.60,109.50
Vert (rel)	raw = 0.00,-55.46	coord = -2.60,54.03
curve (rel)	raw = -26.98,-29.35	coord = -29.58,24.69
	raw = 0.00,-15.36	coord = -29.58,9.32
	raw = 11.85,-28.20	coord = -17.73,-18.88
	raw = 26.98,-29.50	coord = 9.25,-48.38
Vert (rel)	raw = 0.00,-54.77	coord = 9.25,-103.14
Horz (rel)	raw = 5.12,0.00	coord = 14.37,-103.14
Vert (rel)	raw = 0.00,54.77	coord = 14.37,-48.38
curve (rel)	raw = 26.98,29.50	coord = 41.35,-18.88
	raw = 0.00,15.51	coord = 41.35,-3.37
	raw = -12.00,28.13	coord = 29.35,24.76
	raw = -26.98,29.35	coord = 2.37,54.11
End polygon at 123.04,319.85

 PATH path36 FOUND 
SVG scale factor = 1.000000
SVG offset = 0.000000,0.000000
POLYGON 28)
Move (abs)ERROR

Horz (abs)	raw = 662.00,0.00	coord = 662.00,0.00
Vert (abs)	raw = 662.00,662.00	coord = 662.00,662.00
Horz (abs)	raw = 0.00,662.00	coord = 0.00,662.00
End polygon at 0.00,0.00

 PATH path32 FOUND 
SVG scale factor = 1.000000
SVG offset = 0.000000,0.000000
POLYGON 29)
Move (abs)	raw = 24.50,24.50	coord = 24.50,24.50
Horz (abs)	raw = 636.78,24.50	coord = 636.78,24.50
Vert (abs)	raw = 636.78,636.78	coord = 636.78,636.78
Horz (abs)	raw = 24.50,636.78	coord = 24.50,636.78
End polygon at 24.50,24.50

 PATH path28 FOUND 
SVG scale factor = 1.000000
SVG offset = 0.000000,0.000000
POLYGON 30)
Move (abs)ERROR

Horz (abs)	raw = 662.00,0.00	coord = 662.00,0.00
Vert (abs)	raw = 662.00,662.00	coord = 662.00,662.00
Horz (abs)	raw = 0.00,662.00	coord = 0.00,662.00
End polygon at 0.00,0.00

 PATH path22 FOUND 
SVG scale factor = 1.000000
SVG offset = 0.000000,0.000000
POLYGON 31)
Move (abs)ERROR

Horz (abs)	raw = 661.28,0.00	coord = 661.28,0.00
Vert (abs)	raw = 661.28,661.28	coord = 661.28,661.28
Horz (abs)	raw = 0.00,661.28	coord = 0.00,661.28
End polygon at 0.00,0.00

 PATH path12 FOUND 
SVG scale factor = 1.000000
SVG offset = 0.000000,0.000000
POLYGON 32)
Move (abs)ERROR

Horz (abs)	raw = 661.28,0.00	coord = 661.28,0.00
Vert (abs)	raw = 661.28,661.28	coord = 661.28,661.28
Horz (abs)	raw = 0.00,661.28	coord = 0.00,661.28
End polygon at 0.00,0.00


Object origin:
356.459500 661.638000

Eagle Command:
set wire_bend 2;
change layer tNames;
set width 0.000500;
poly (R -0.332541 0.000362);
poly (R 0.328735 0.000362) (R 0.355735 0.000362);
poly (R -0.305540 0.595638) (R -0.332541 0.595638);
poly (R 0.328735 0.000362) (R 0.355735 0.000362);
poly (R -0.299540 -0.005638) (R -0.299540 -0.032638);
poly (R -0.305540 0.634638) (R -0.305540 0.661638);
poly (R 0.295735 -0.005638) (R 0.295735 -0.032638);
poly (R -0.305540 0.634638) (R -0.305540 0.661638) (R -0.305540 0.000362) (R -0.332541 0.000362);
poly (R 0.328735 0.000362) (R 0.355735 0.000362);
poly (R -0.305540 0.595638) (R -0.332541 0.595638);
poly (R 0.328735 0.000362) (R 0.355735 0.000362);
poly (R -0.299540 -0.005638) (R -0.299540 -0.032638);
poly (R -0.305540 0.634638) (R -0.305540 0.661638);
poly (R 0.295735 -0.005638) (R 0.295735 -0.032638);
poly (R -0.305540 0.634638) (R -0.305540 0.661638) (R -0.305540 0.000362);
poly (R 0.098373 -0.301159) (R 0.095166 -0.301809) (R 0.094161 -0.302243) (R 0.092260 -0.303284) (R 0.089594 -0.305089) (R 0.088827 -0.305858) (R 0.087440 -0.307521) (R 0.085603 -0.310177) (R 0.085160 -0.311151) (R 0.084492 -0.313190) (R 0.083824 -0.316356) (R 0.083824 -0.317490) (R 0.084043 -0.319704) (R 0.084693 -0.322914) (R 0.085125 -0.323915) (R 0.086164 -0.325802) (R 0.087962 -0.328434) (R 0.088726 -0.329182) (R 0.090397 -0.330531) (R 0.093089 -0.332316) (R 0.094100 -0.332747) (R 0.096201 -0.333397) (R 0.099438 -0.334047) (R 0.100540 -0.334047) (R 0.102715 -0.333828) (R 0.105903 -0.333178) (R 0.106922 -0.332742) (R 0.108836 -0.331707) (R 0.111496 -0.329928) (R 0.112245 -0.329179) (R 0.113603 -0.327538) (R 0.115414 -0.324888) (R 0.115857 -0.323896) (R 0.116525 -0.321828) (R 0.117193 -0.318630) (R 0.117193 -0.317498) (R 0.116975 -0.315287) (R 0.116327 -0.312079) (R 0.115892 -0.311077) (R 0.114852 -0.309190) (R 0.113053 -0.306559) (R 0.112288 -0.305809) (R 0.110625 -0.304457) (R 0.107952 -0.302669) (R 0.106957 -0.302238) (R 0.104883 -0.301588) (R 0.101675 -0.300938);
poly (R -0.292961 -0.007915) (R -0.293052 -0.009366) (R -0.292997 -0.008890) (R -0.292906 -0.007932) (R -0.292815 -0.006481);
poly (R -0.305594 -0.004758) (R -0.308424 -0.008919) (R -0.309615 -0.010090) (R -0.312223 -0.012194) (R -0.316433 -0.014967) (R -0.318040 -0.015634) (R -0.321389 -0.016639) (R -0.326574 -0.017644) (R -0.329038 -0.017644) (R -0.333740 -0.016998) (R -0.340390 -0.015078) (R -0.341160 -0.014575) (R -0.342613 -0.013497) (R -0.344662 -0.011776) (R -0.344546 -0.012665) (R -0.344276 -0.014396) (R -0.343807 -0.016918) (R -0.343349 -0.018748) (R -0.342257 -0.022130) (R -0.340371 -0.026743) (R -0.339606 -0.027930) (R -0.337909 -0.030035) (R -0.335146 -0.032762) (R -0.334080 -0.033384) (R -0.331859 -0.034308) (R -0.328327 -0.035232) (R -0.326632 -0.035232) (R -0.323433 -0.034783) (R -0.318844 -0.033412) (R -0.317461 -0.032493) (R -0.315113 -0.030383) (R -0.312163 -0.026741) (R -0.311642 -0.025415) (R -0.310588 -0.026373) (R -0.308374 -0.028386) (R -0.307839 -0.028873) (R -0.308146 -0.029529) (R -0.312792 -0.034827) (R -0.314822 -0.036095) (R -0.319159 -0.038005) (R -0.326021 -0.039915) (R -0.328158 -0.039915) (R -0.332264 -0.039435) (R -0.338116 -0.038009) (R -0.339866 -0.037059) (R -0.343135 -0.034651) (R -0.347644 -0.030319) (R -0.348858 -0.028435) (R -0.351021 -0.024180) (R -0.353845 -0.017130) (R -0.354496 -0.014370) (R -0.355478 -0.008342) (R -0.356459 0.001369) (R -0.356459 0.003782) (R -0.356129 0.008407) (R -0.355149 0.014983) (R -0.354488 0.016966) (R -0.352870 0.020648) (R -0.350027 0.025698) (R -0.348797 0.027074) (R -0.346081 0.029523) (R -0.341666 0.032712) (R -0.339971 0.033450) (R -0.336401 0.034563) (R -0.330825 0.035676) (R -0.328930 0.035676) (R -0.325232 0.035329) (R -0.319875 0.034299) (R -0.318224 0.033618) (R -0.315123 0.031987) (R -0.310808 0.029162) (R -0.309598 0.027971) (R -0.307422 0.025365) (R -0.304544 0.021159) (R -0.303839 0.019549) (R -0.302775 0.016190) (R -0.301710 0.010991) (R -0.301710 0.009188) (R -0.302060 0.005663) (R -0.303096 0.000543) (R 0.098373 -0.301159);
poly (R 0.075201 -0.301764) (R 0.075201 -0.326395) (R 0.076183 -0.326395) (R 0.075201 -0.326395) (R 0.071678 -0.326395) (R 0.071011 -0.326395) (R 0.070790 -0.325839) (R 0.070071 -0.325142) (R 0.069532 -0.324666) (R 0.068321 -0.323673) (R 0.066324 -0.322134) (R 0.065548 -0.321596) (R 0.063939 -0.320577) (R 0.061463 -0.319149) (R 0.060675 -0.318777) (R 0.059173 -0.318217) (R 0.057050 -0.317657) (R 0.056068 -0.317657) (R 0.056068 -0.316674) (R 0.052747 -0.316674) (R 0.051765 -0.316674) (R 0.052747 -0.316674) (R 0.055262 -0.317123) (R 0.056146 -0.317407) (R 0.057900 -0.318050) (R 0.060487 -0.319117) (R 0.061259 -0.319512) (R 0.062743 -0.320337) (R 0.064862 -0.321617) (R 0.064862 -0.303274) (R 0.058699 -0.303274) (R 0.057717 -0.303274) (R 0.057717 -0.302292) (R 0.054596 -0.302292) (R 0.053614 -0.302292) (R 0.054596 -0.302292) (R 0.071655 -0.302292) (R 0.072637 -0.302292) (R 0.072637 -0.303274) (R 0.075758 -0.303274) (R 0.076740 -0.303274) (R 0.075758 -0.303274) (R 0.075201 -0.301764);
poly (R 0.049536 -0.304269) (R 0.046980 -0.302110) (R 0.046001 -0.301613) (R 0.043927 -0.300865) (R 0.040672 -0.300117) (R 0.039456 -0.300117) (R 0.037129 -0.300368) (R 0.033825 -0.301116) (R 0.032840 -0.301615) (R 0.030995 -0.302841) (R 0.028438 -0.305001) (R 0.027706 -0.305962) (R 0.026392 -0.308098) (R 0.024662 -0.311590) (R 0.024241 -0.312966) (R 0.023606 -0.315905) (R 0.022971 -0.320549) (R 0.022971 -0.322253) (R 0.023185 -0.325519) (R 0.023821 -0.330162) (R 0.024237 -0.331520) (R 0.025235 -0.334053) (R 0.026964 -0.337545) (R 0.027677 -0.338481) (R 0.029253 -0.340154) (R 0.031820 -0.342344) (R 0.032796 -0.342855) (R 0.034880 -0.343625) (R 0.038174 -0.344395) (R 0.039349 -0.344395) (R 0.041616 -0.344136) (R 0.044860 -0.343366) (R 0.045850 -0.342849) (R 0.047704 -0.341595) (R 0.050271 -0.339405) (R 0.051002 -0.338446) (R 0.052315 -0.336312) (R 0.054045 -0.332820) (R 0.054467 -0.331443) (R 0.055103 -0.328504) (R 0.055739 -0.323861) (R 0.055739 -0.322156) (R 0.055525 -0.318888) (R 0.054889 -0.314244) (R 0.054473 -0.312888) (R 0.053475 -0.310357) (R 0.051745 -0.306864);
poly (R -0.301563 -0.019346) (R -0.305880 -0.022793) (R -0.307555 -0.023630) (R -0.311070 -0.024891) (R -0.316543 -0.026152) (R -0.318499 -0.026152) (R -0.322296 -0.025728) (R -0.327767 -0.024467) (R -0.329427 -0.023637) (R -0.332539 -0.021647) (R -0.336857 -0.018200) (R -0.338053 -0.016755) (R -0.340195 -0.013581) (R -0.343010 -0.008442) (R -0.343680 -0.006487) (R -0.344689 -0.002368) (R -0.345697 0.004064) (R -0.345697 0.006378) (R -0.345359 0.010856) (R -0.344350 0.017289) (R -0.343678 0.019252) (R -0.342060 0.022944) (R -0.339248 0.028083) (R -0.338039 0.029542) (R -0.335375 0.032154) (R -0.331049 0.035579) (R -0.329379 0.036397) (R -0.325871 0.037630) (R -0.320408 0.038863) (R -0.318452 0.038863) (R -0.314659 0.038448) (R -0.309196 0.037215) (R -0.307534 0.036402) (R -0.304416 0.034437) (R -0.300092 0.031012) (R -0.298897 0.029567) (R -0.296756 0.026394) (R -0.293940 0.021255) (R -0.293271 0.019296) (R -0.292262 0.015173) (R -0.291253 0.008740) (R -0.291253 0.006432) (R -0.291592 0.001960) (R -0.292601 -0.004472) (R -0.293274 -0.006439) (R -0.294896 -0.010135) (R -0.297711 -0.015274) (R 0.049536 -0.304269);
poly (R 0.008105 -0.301764) (R 0.008532 -0.303187) (R 0.008802 -0.303871) (R 0.009487 -0.305194) (R 0.010720 -0.307094) (R 0.011300 -0.307704) (R 0.012647 -0.308922) (R 0.014927 -0.310732) (R 0.015889 -0.311340) (R 0.018079 -0.312586) (R 0.021726 -0.314479) (R 0.022255 -0.314730) (R 0.024189 -0.315647) (R 0.027268 -0.317575) (R 0.028292 -0.318379) (R 0.030195 -0.320154) (R 0.032806 -0.323038) (R 0.033560 -0.324216) (R 0.034696 -0.326799) (R 0.035832 -0.330976) (R 0.035832 -0.332186) (R 0.035582 -0.334558) (R 0.034839 -0.338010) (R 0.034348 -0.339086) (R 0.033132 -0.341128) (R 0.030977 -0.343999) (R 0.030042 -0.344818) (R 0.027975 -0.346285) (R 0.024606 -0.348210) (R 0.023315 -0.348665) (R 0.020551 -0.349351) (R 0.016174 -0.350037) (R 0.014500 -0.350037) (R 0.011291 -0.349808) (R 0.006728 -0.349127) (R 0.005413 -0.348689) (R 0.002936 -0.347741) (R -0.000518 -0.346224) (R -0.001501 -0.345652) (R -0.003298 -0.344493) (R -0.005716 -0.342750) (R -0.006297 -0.342203) (R -0.007271 -0.341280) (R -0.008450 -0.340152) (R -0.009115 -0.339487) (R -0.008479 -0.338794) (R -0.006215 -0.336328) (R -0.005428 -0.335471) (R -0.004715 -0.336390) (R -0.003740 -0.337507) (R -0.003343 -0.337932) (R -0.002441 -0.338770) (R -0.000940 -0.339997) (R -0.000339 -0.340388) (R 0.000981 -0.341126) (R 0.003119 -0.342158) (R 0.003897 -0.342437) (R 0.005571 -0.342858) (R 0.008232 -0.343279) (R 0.009181 -0.343279) (R 0.010974 -0.343147) (R 0.013481 -0.342754) (R 0.014176 -0.342498) (R 0.015457 -0.341901) (R 0.017197 -0.340888) (R 0.017645 -0.340480) (R 0.018437 -0.339605) (R 0.019458 -0.338220) (R 0.019685 -0.337712) (R 0.020027 -0.336695) (R 0.020369 -0.335184) (R 0.020369 -0.334400) (R 0.020151 -0.332959) (R 0.019484 -0.330954) (R 0.018963 -0.330299) (R 0.017764 -0.329035) (R 0.015748 -0.327227) (R 0.014887 -0.326653) (R 0.013081 -0.325555) (R 0.010272 -0.323995) (R 0.009163 -0.323484) (R 0.007078 -0.322497) (R 0.004092 -0.321042) (R 0.002305 -0.320096) (R -0.000968 -0.318125) (R -0.005389 -0.315076) (R -0.006548 -0.313989) (R -0.008632 -0.311747) (R -0.011383 -0.308317) (R -0.012053 -0.307121) (R -0.013184 -0.304663) (R -0.014551 -0.300911) (R -0.014779 -0.299673) (R -0.015123 -0.297148) (R -0.015467 -0.293323) (R -0.015467 -0.292341) (R -0.014485 -0.292341) (R 0.007103 -0.292341) (R 0.008085 -0.292341) (R 0.008085 -0.293323) (R 0.011206 -0.293323) (R 0.012188 -0.293323) (R 0.011206 -0.293323) (R 0.008105 -0.301764);
poly (R -0.030599 -0.300177) (R -0.027856 -0.300680) (R -0.026900 -0.301016) (R -0.025055 -0.301813) (R -0.022388 -0.303198) (R -0.021566 -0.303784) (R -0.020031 -0.305058) (R -0.017892 -0.307120) (R -0.017288 -0.307909) (R -0.016316 -0.309545) (R -0.015210 -0.312087) (R -0.015210 -0.320189) (R -0.016694 -0.322730) (R -0.017348 -0.323517) (R -0.018740 -0.325002) (R -0.020954 -0.327090) (R -0.021777 -0.327694) (R -0.023471 -0.328767) (R -0.026088 -0.330176) (R -0.027011 -0.330511) (R -0.028848 -0.331014) (R -0.031590 -0.331517) (R -0.032999 -0.331517) (R -0.035692 -0.331216) (R -0.039542 -0.330311) (R -0.040699 -0.329707) (R -0.042838 -0.328305) (R -0.045782 -0.325915) (R -0.046587 -0.324924) (R -0.048021 -0.322802) (R -0.049908 -0.319404) (R -0.050360 -0.318130) (R -0.051039 -0.315547) (R -0.051718 -0.311623) (R -0.051718 -0.310214) (R -0.051466 -0.307462) (R -0.050711 -0.303436) (R -0.050208 -0.302160) (R -0.049018 -0.299770) (R -0.046955 -0.296424) (R -0.046083 -0.295468) (R -0.044179 -0.293748) (R -0.041084 -0.291458) (R -0.039894 -0.290887) (R -0.037421 -0.290031) (R -0.033572 -0.289175);
poly (R -0.306245 0.003381) (R -0.311277 0.002248) (R -0.312821 0.001493) (R -0.315698 -0.000258) (R -0.319699 -0.003252) (R -0.320823 -0.004492) (R -0.322819 -0.007167) (R -0.325435 -0.011469) (R -0.326057 -0.013096) (R -0.326989 -0.016424) (R -0.327921 -0.021532) (R -0.327921 -0.023376) (R -0.327618 -0.026973) (R -0.326711 -0.032231) (R -0.326108 -0.033891) (R -0.324673 -0.037002) (R -0.322182 -0.041354) (R -0.321125 -0.042595) (R -0.318810 -0.044819) (R -0.315036 -0.047764) (R -0.313576 -0.048485) (R -0.310515 -0.049566) (R -0.305708 -0.050647) (R -0.303495 -0.050647) (R -0.299319 -0.050068) (R -0.293430 -0.048332) (R -0.291721 -0.047175) (R -0.288652 -0.044618) (R -0.284577 -0.040417) (R -0.284577 -0.056419) (R -0.281154 -0.056419) (R -0.281154 -0.024112) (R -0.279947 -0.022703) (R -0.279947 -0.019685) (R -0.281305 -0.019534) (R -0.282144 -0.019534) (R -0.283670 -0.019777) (R -0.285735 -0.020506) (R -0.286272 -0.020992) (R -0.287077 -0.022057) (R -0.287882 -0.023793) (R -0.287882 -0.026562) (R -0.292134 -0.022485) (R -0.293895 -0.021479) (R -0.297492 -0.019969) (R -0.303003 -0.018459) (R -0.030599 -0.300177);
poly (R -0.056262 -0.334396) (R -0.052840 -0.334396) (R -0.052840 -0.303600) (R -0.052035 -0.301310) (R -0.051499 -0.300756) (R -0.050208 -0.299925) (R -0.047944 -0.299094) (R -0.047575 -0.299094) (R -0.046770 -0.299145) (R -0.045461 -0.299296) (R -0.044958 -0.299397) (R -0.043986 -0.299631) (R -0.042577 -0.300035) (R -0.041974 -0.297266) (R -0.044313 -0.296612) (R -0.045237 -0.296444) (R -0.046957 -0.296192) (R -0.049348 -0.295940) (R -0.050925 -0.295940) (R -0.053742 -0.296384) (R -0.057466 -0.297718) (R -0.058371 -0.298606) (R -0.059729 -0.300745) (R -0.061087 -0.304494) (R -0.056262 -0.334396);
poly (R -0.065822 -0.312154) (R -0.066803 -0.316003) (R -0.067357 -0.317160) (R -0.068615 -0.319316) (R -0.070729 -0.322310) (R -0.071584 -0.323148) (R -0.073438 -0.324641) (R -0.076432 -0.326604) (R -0.077573 -0.327073) (R -0.079922 -0.327778) (R -0.083545 -0.328483) (R -0.084821 -0.328483) (R -0.087304 -0.328247) (R -0.090927 -0.327542) (R -0.092068 -0.327072) (R -0.094207 -0.325947) (R -0.097202 -0.323984) (R -0.098057 -0.323146) (R -0.099600 -0.321301) (R -0.101662 -0.318283) (R -0.102183 -0.317108) (R -0.103014 -0.314659) (R -0.103945 -0.310834) (R -0.065822 -0.312154);
poly (R -0.098732 -0.323878) (R -0.095310 -0.323878) (R -0.095310 -0.297661) (R -0.098732 -0.297661) (R -0.098732 -0.323878);
poly (R -0.128320 -0.297661) (R -0.128320 -0.333389) (R -0.104921 -0.333389) (R -0.104921 -0.330268) (R -0.124848 -0.330268) (R -0.124848 -0.317135) (R -0.107991 -0.317135) (R -0.107991 -0.314216) (R -0.124848 -0.314216) (R -0.124848 -0.297661) (R -0.128320 -0.297661);
poly (R 0.238214 -0.366199) (R 0.239170 -0.371433) (R 0.239807 -0.373076) (R 0.241342 -0.376153) (R 0.244034 -0.380454) (R 0.245191 -0.381679) (R 0.247733 -0.383869) (R 0.251885 -0.386763) (R 0.253495 -0.387468) (R 0.256882 -0.388525) (R 0.262215 -0.389582) (R 0.264697 -0.389582) (R 0.269343 -0.389020) (R 0.275835 -0.387334) (R 0.277679 -0.386210) (R 0.280916 -0.383568) (R 0.285092 -0.379014) (R 0.281771 -0.377958) (R 0.278701 -0.381102) (R 0.277394 -0.381857) (R 0.274627 -0.382989) (R 0.270250 -0.384121) (R 0.268908 -0.384121) (R 0.266316 -0.383853) (R 0.262567 -0.383048) (R 0.261410 -0.382512) (R 0.259246 -0.381246) (R 0.256227 -0.379058) (R 0.255371 -0.378134) (R 0.253843 -0.376112) (R 0.251829 -0.372816) (R 0.251343 -0.371540) (R 0.250614 -0.368872) (R 0.249885 -0.364695) (R 0.249885 -0.363218) (R 0.250137 -0.360350) (R 0.250892 -0.356174) (R 0.251396 -0.354865) (R 0.252587 -0.352425) (R 0.254650 -0.349028) (R 0.255522 -0.348072) (R 0.257410 -0.346361) (R 0.260455 -0.344096) (R 0.261612 -0.343542) (R 0.264002 -0.342712) (R 0.267701 -0.341882) (R 0.268538 -0.341882) (R 0.270206 -0.341999) (R 0.272697 -0.342352) (R 0.273518 -0.342586) (R 0.275102 -0.343147) (R 0.277390 -0.344128) (R 0.278095 -0.344547) (R 0.279404 -0.345443) (R 0.281217 -0.346876) (R 0.281720 -0.347413) (R 0.282574 -0.348521) (R 0.283630 -0.350232) (R 0.286951 -0.349226) (R 0.285341 -0.346635) (R 0.284636 -0.345847) (R 0.283101 -0.344370) (R 0.280610 -0.342307) (R 0.279654 -0.341720) (R 0.277642 -0.340679) (R 0.274471 -0.339319) (R 0.273314 -0.339001) (R 0.270958 -0.338524) (R 0.267361 -0.338047) (R 0.265448 -0.338047) (R 0.261775 -0.338407) (R 0.256490 -0.339489) (R 0.254880 -0.340209) (R 0.251879 -0.341920) (R 0.247703 -0.344888) (R 0.246529 -0.346147) (R 0.244441 -0.348857) (R 0.241699 -0.353210) (R 0.241045 -0.354853) (R 0.240064 -0.358258) (R 0.239083 -0.363542) (R 0.238214 -0.366199);
poly (R 0.228151 -0.379232) (R 0.231572 -0.379232) (R 0.231572 -0.353015) (R 0.228151 -0.353015) (R 0.228151 -0.379232);
poly (R 0.223118 -0.354272) (R 0.222237 -0.353870) (R 0.221851 -0.353702) (R 0.221021 -0.353366) (R 0.219687 -0.352862) (R 0.219184 -0.352695) (R 0.218111 -0.352377) (R 0.216402 -0.351925) (R 0.215764 -0.351792) (R 0.214454 -0.351591) (R 0.212440 -0.351390) (R 0.211702 -0.351390) (R 0.210260 -0.351491) (R 0.208147 -0.351793) (R 0.207476 -0.351994) (R 0.206217 -0.352505) (R 0.204455 -0.353435) (R 0.203953 -0.353855) (R 0.203047 -0.354803) (R 0.201839 -0.356388) (R 0.201538 -0.357025) (R 0.201085 -0.358401) (R 0.200632 -0.360616) (R 0.200632 -0.379385) (R 0.197010 -0.379385) (R 0.197010 -0.382103) (R 0.200632 -0.382103) (R 0.200632 -0.390959) (R 0.204055 -0.390959) (R 0.204055 -0.382103) (R 0.210092 -0.382103) (R 0.210092 -0.379385) (R 0.204055 -0.379385) (R 0.204055 -0.361572) (R 0.205061 -0.359433) (R 0.205665 -0.358980) (R 0.206990 -0.358301) (R 0.209154 -0.357622) (R 0.210126 -0.357622) (R 0.211953 -0.357780) (R 0.214520 -0.358258) (R 0.215257 -0.358576) (R 0.216464 -0.359121) (R 0.217872 -0.359801) (R 0.223118 -0.354272);
poly (R 0.201279 -0.367507) (R 0.200298 -0.371356) (R 0.199743 -0.372513) (R 0.198485 -0.374669) (R 0.196370 -0.377663) (R 0.195517 -0.378502) (R 0.193663 -0.379995) (R 0.190669 -0.381958) (R 0.189529 -0.382427) (R 0.187180 -0.383131) (R 0.183558 -0.383835) (R 0.182282 -0.383835) (R 0.179798 -0.383600) (R 0.176175 -0.382896) (R 0.175033 -0.382426) (R 0.172893 -0.381302) (R 0.169898 -0.379339) (R 0.169043 -0.378501) (R 0.167500 -0.376656) (R 0.165438 -0.373637) (R 0.164917 -0.372462) (R 0.164086 -0.370013) (R 0.163154 -0.366189) (R 0.201279 -0.367507);
poly (R 0.172042 -0.353015) (R 0.168620 -0.353015) (R 0.168620 -0.367657) (R 0.167261 -0.374451) (R 0.166356 -0.375860) (R 0.164042 -0.377973) (R 0.159816 -0.380086) (R 0.158809 -0.380086) (R 0.156796 -0.379902) (R 0.153777 -0.379349) (R 0.152770 -0.378979) (R 0.150823 -0.378089) (R 0.148004 -0.376529) (R 0.147132 -0.375858) (R 0.145497 -0.374390) (R 0.143208 -0.372000) (R 0.142553 -0.371077) (R 0.141403 -0.369156) (R 0.139918 -0.366162) (R 0.139918 -0.350110) (R 0.136496 -0.350110) (R 0.136496 -0.376327) (R 0.139617 -0.376327) (R 0.139617 -0.370389) (R 0.141604 -0.372980) (R 0.142392 -0.373768) (R 0.144061 -0.375236) (R 0.146703 -0.377274) (R 0.147675 -0.377844) (R 0.149679 -0.378850) (R 0.152774 -0.380159) (R 0.153863 -0.380460) (R 0.156085 -0.380912) (R 0.159481 -0.381364) (R 0.160957 -0.381364) (R 0.163666 -0.381095) (R 0.167365 -0.380290) (R 0.168354 -0.379753) (R 0.170141 -0.378462) (R 0.172531 -0.376198) (R 0.173135 -0.375224) (R 0.174175 -0.373060) (R 0.175483 -0.369487) (R 0.175751 -0.368078) (R 0.176154 -0.365109) (R 0.176557 -0.360430) (R 0.172042 -0.353015);
poly (R 0.129571 -0.355531) (R 0.132540 -0.356085) (R 0.133513 -0.356454) (R 0.135367 -0.357318) (R 0.138009 -0.358802) (R 0.138797 -0.359423) (R 0.140248 -0.360739) (R 0.142236 -0.362828) (R 0.142772 -0.363599) (R 0.143660 -0.365158) (R 0.144716 -0.367523) (R 0.144716 -0.375624) (R 0.143181 -0.378241) (R 0.142528 -0.379046) (R 0.141145 -0.380538) (R 0.138957 -0.382601) (R 0.138152 -0.383171) (R 0.136483 -0.384193) (R 0.133891 -0.385552) (R 0.132968 -0.385887) (R 0.131114 -0.386389) (R 0.128321 -0.386891) (R 0.126845 -0.386891) (R 0.124061 -0.386581) (R 0.120136 -0.385651) (R 0.118996 -0.385029) (R 0.116883 -0.383594) (R 0.113965 -0.381153) (R 0.113160 -0.380146) (R 0.111742 -0.377999) (R 0.109905 -0.374577) (R 0.109485 -0.373302) (R 0.108856 -0.370736) (R 0.108227 -0.366861) (R 0.108227 -0.365452) (R 0.108479 -0.362702) (R 0.109234 -0.358677) (R 0.109737 -0.357402) (R 0.110927 -0.355013) (R 0.112990 -0.351668) (R 0.113862 -0.350711) (R 0.115766 -0.348999) (R 0.118861 -0.346733) (R 0.120051 -0.346179) (R 0.122524 -0.345349) (R 0.126373 -0.344519);
poly (R -0.306497 0.003230) (R -0.311454 0.002098) (R -0.312945 0.001343) (R -0.315730 -0.000410) (R -0.319603 -0.003404) (R -0.320694 -0.004646) (R -0.322632 -0.007314) (R -0.325175 -0.011592) (R -0.325779 -0.013201) (R -0.326683 -0.016471) (R -0.327589 -0.021452) (R -0.327589 -0.023264) (R -0.327296 -0.026811) (R -0.326415 -0.032019) (R -0.325829 -0.033680) (R -0.324412 -0.036792) (R -0.321920 -0.041145) (R -0.320848 -0.042386) (R -0.318493 -0.044617) (R -0.314644 -0.047586) (R -0.313152 -0.048323) (R -0.310007 -0.049430) (R -0.305051 -0.050537) (R -0.302804 -0.050537) (R -0.298610 -0.049975) (R -0.292772 -0.048289) (R -0.291129 -0.047165) (R -0.288077 -0.044624) (R -0.283851 -0.040372) (R -0.283851 -0.045857) (R -0.280781 -0.045857) (R -0.280781 -0.019539) (R -0.281812 -0.014734) (R -0.282500 -0.013342) (R -0.284110 -0.010784) (R -0.286878 -0.007286) (R -0.288035 -0.006347) (R -0.290560 -0.004704) (R -0.294660 -0.002591) (R -0.296239 -0.002122) (R -0.299476 -0.001416) (R -0.304459 -0.000710) (R -0.307445 -0.000710) (R -0.312845 -0.001248) (R -0.320092 -0.002859) (R -0.321937 -0.003934) (R -0.325276 -0.006451) (R -0.329755 -0.010779) (R -0.327641 -0.012440) (R -0.323514 -0.008741) (R -0.321803 -0.007953) (R -0.318265 -0.006771) (R -0.312779 -0.005589) (R -0.311505 -0.005589) (R -0.309015 -0.005764) (R -0.305367 -0.006292) (R -0.304209 -0.006644) (R -0.302045 -0.007517) (R -0.299024 -0.009077) (R -0.298170 -0.009765) (R -0.296635 -0.011326) (R -0.294598 -0.013943) (R -0.294094 -0.015000) (R -0.293341 -0.017289) (R -0.292587 -0.020987) (R -0.292587 -0.026170) (R -0.296738 -0.022195) (R -0.298466 -0.021222) (R -0.302014 -0.019763) (R -0.307474 -0.018304) (R 0.129571 -0.355531);
poly (R 0.097215 -0.355129) (R 0.101719 -0.356110) (R 0.103212 -0.356764) (R 0.105887 -0.358316) (R 0.109434 -0.361008) (R 0.109669 -0.361310) (R 0.110105 -0.361939) (R 0.110709 -0.362921) (R 0.110877 -0.363272) (R 0.111129 -0.363950) (R 0.111381 -0.364931) (R 0.111381 -0.369208) (R 0.107808 -0.370214) (R 0.106567 -0.370448) (R 0.104118 -0.370800) (R 0.100495 -0.371152) (R 0.098046 -0.371152) (R 0.093609 -0.370657) (R 0.087646 -0.369173) (R 0.086119 -0.368183) (R 0.083829 -0.365825) (R 0.081539 -0.361724) (R 0.081539 -0.361020) (R 0.081673 -0.359627) (R 0.082076 -0.357565) (R 0.082344 -0.356892) (R 0.083023 -0.355616) (R 0.084256 -0.353803) (R 0.084809 -0.353266) (R 0.086042 -0.352293) (R 0.088080 -0.350985) (R 0.088885 -0.350650) (R 0.090646 -0.350147) (R 0.093514 -0.349644);
poly (R -0.306397 0.002979) (R -0.310069 0.002350) (R -0.311177 0.001931) (R -0.313231 0.000934) (R -0.316074 -0.000802) (R -0.316864 -0.001540) (R -0.318265 -0.003133) (R -0.320101 -0.005699) (R -0.320538 -0.006671) (R -0.321192 -0.008668) (R -0.321846 -0.011738) (R -0.321846 -0.012946) (R -0.321578 -0.015252) (R -0.320771 -0.018548) (R -0.320236 -0.019537) (R -0.318945 -0.021373) (R -0.316680 -0.023914) (R -0.315709 -0.024619) (R -0.313570 -0.025868) (R -0.310074 -0.027504) (R -0.308715 -0.027888) (R -0.305855 -0.028466) (R -0.301351 -0.029044) (R -0.300043 -0.029044) (R -0.297393 -0.028926) (R -0.293367 -0.028574) (R -0.291992 -0.028339) (R -0.289394 -0.027768) (R -0.285721 -0.026761) (R -0.285721 -0.029126) (R -0.287709 -0.034637) (R -0.289033 -0.035995) (R -0.292146 -0.038033) (R -0.297505 -0.040071) (R -0.298913 -0.040071) (R -0.301724 -0.039802) (R -0.305926 -0.038996) (R -0.307318 -0.038460) (R -0.310128 -0.037152) (R -0.314380 -0.034838) (R -0.315586 -0.037102) (R -0.310605 -0.039668) (R -0.308995 -0.040238) (R -0.305707 -0.041094) (R -0.300677 -0.041950) (R -0.297490 -0.041950) (R -0.291770 -0.041027) (R -0.284170 -0.038259) (R -0.282293 -0.036414) (R -0.279475 -0.032019) (R -0.276657 -0.024371) (R -0.276657 -0.012545) (R -0.275449 -0.011137) (R -0.275449 -0.008118) (R -0.276205 -0.008042) (R -0.276440 -0.008025) (R -0.276875 -0.007999) (R -0.277479 -0.007973) (R -0.278151 -0.007973) (R -0.279435 -0.008174) (R -0.281272 -0.008779) (R -0.281825 -0.009181) (R -0.282689 -0.010186) (R -0.283620 -0.011997) (R -0.283720 -0.014060) (R -0.288224 -0.010462) (R -0.290086 -0.009607) (R -0.293834 -0.008324) (R -0.299497 -0.007041) (R 0.097215 -0.355129);
poly (R 0.081315 -0.353015) (R 0.077892 -0.353015) (R 0.077892 -0.367657) (R 0.076458 -0.374401) (R 0.075502 -0.375843) (R 0.073094 -0.378006) (R 0.068741 -0.380169) (R 0.067735 -0.380169) (R 0.065780 -0.379985) (R 0.062937 -0.379432) (R 0.062048 -0.379062) (R 0.060337 -0.378172) (R 0.057871 -0.376612) (R 0.057117 -0.375941) (R 0.055699 -0.374473) (R 0.053712 -0.372083) (R 0.053141 -0.371160) (R 0.052134 -0.369223) (R 0.050825 -0.366178) (R 0.050825 -0.350177) (R 0.047403 -0.350177) (R 0.047403 -0.364819) (R 0.045994 -0.371613) (R 0.045055 -0.373022) (R 0.042673 -0.375135) (R 0.038346 -0.377248) (R 0.036366 -0.377248) (R 0.032625 -0.376561) (R 0.027341 -0.374499) (R 0.025798 -0.373122) (R 0.023147 -0.369934) (R 0.019826 -0.364499) (R 0.019826 -0.348447) (R 0.016404 -0.348447) (R 0.016404 -0.374664) (R 0.019524 -0.374664) (R 0.019524 -0.368726) (R 0.023751 -0.373431) (R 0.025495 -0.374554) (R 0.029168 -0.376239) (R 0.034955 -0.377924) (R 0.037169 -0.377924) (R 0.041160 -0.377303) (R 0.046494 -0.375442) (R 0.047835 -0.374200) (R 0.049981 -0.371331) (R 0.052397 -0.366450) (R 0.054845 -0.370945) (R 0.060682 -0.377687) (R 0.070846 -0.384429) (R 0.072288 -0.384429) (R 0.074963 -0.384160) (R 0.078662 -0.383355) (R 0.079685 -0.382818) (R 0.081529 -0.381518) (R 0.083995 -0.379229) (R 0.084615 -0.378239) (R 0.085688 -0.376057) (R 0.087047 -0.372484) (R 0.087331 -0.371091) (R 0.087758 -0.368147) (R 0.088185 -0.363493) (R 0.081315 -0.353015);
poly (R 0.013181 -0.365997) (R 0.013911 -0.361897) (R 0.014396 -0.360638) (R 0.015553 -0.358273) (R 0.017566 -0.354952) (R 0.018420 -0.353995) (R 0.020281 -0.352291) (R 0.023299 -0.350051) (R 0.024457 -0.349513) (R 0.026848 -0.348708) (R 0.030547 -0.347903) (R 0.031856 -0.347903) (R 0.034397 -0.348179) (R 0.038096 -0.349009) (R 0.039253 -0.349563) (R 0.041424 -0.350872) (R 0.044468 -0.353137) (R 0.045340 -0.354093) (R 0.046900 -0.356163) (R 0.048964 -0.359509) (R 0.049466 -0.360783) (R 0.050220 -0.363432) (R 0.050974 -0.367558) (R 0.050974 -0.369000) (R 0.050722 -0.371809) (R 0.049968 -0.375910) (R 0.049464 -0.377201) (R 0.048272 -0.379617) (R 0.046208 -0.382989) (R 0.045335 -0.383944) (R 0.043456 -0.385654) (R 0.040437 -0.387918) (R 0.039296 -0.388472) (R 0.036931 -0.389302) (R 0.033257 -0.390132) (R 0.031949 -0.390132) (R 0.029408 -0.389856) (R 0.025710 -0.389026) (R 0.024552 -0.388472) (R 0.022388 -0.387155) (R 0.019368 -0.384866) (R 0.018513 -0.383892) (R 0.016979 -0.381786) (R 0.014941 -0.378389) (R 0.014439 -0.377097) (R 0.013685 -0.374421) (R 0.012931 -0.370269);
poly (R -0.296031 0.013847) (R -0.301289 0.012765) (R -0.302882 0.012045) (R -0.305851 0.010343) (R -0.309978 0.007400) (R -0.311136 0.006158) (R -0.313192 0.003474) (R -0.315885 -0.000854) (R -0.316522 -0.002497) (R -0.317478 -0.005868) (R -0.318433 -0.011051) (R -0.318433 -0.012895) (R -0.318105 -0.016484) (R -0.317125 -0.021717) (R -0.316470 -0.023360) (R -0.314909 -0.026446) (R -0.312190 -0.030773) (R -0.311034 -0.032015) (R -0.308501 -0.034247) (R -0.304374 -0.037216) (R -0.302781 -0.037954) (R -0.299453 -0.039062) (R -0.294245 -0.040170) (R -0.292366 -0.040170) (R -0.288751 -0.039800) (R -0.283542 -0.038692) (R -0.281949 -0.037955) (R -0.278981 -0.036228) (R -0.274855 -0.033259) (R -0.273697 -0.032018) (R -0.271635 -0.029334) (R -0.268918 -0.025007) (R -0.268264 -0.023363) (R -0.267282 -0.019974) (R -0.266300 -0.014741) (R -0.266300 -0.012929) (R -0.266628 -0.009389) (R -0.267610 -0.004206) (R -0.268264 -0.002562) (R -0.269824 0.000524) (R -0.272541 0.004852) (R -0.273699 0.006093) (R -0.276232 0.008316) (R -0.280358 0.011259) (R -0.281952 0.011981) (R -0.285282 0.013063) (R -0.290490 0.014145) (R 0.013181 -0.365997);
poly (R 0.006991 -0.376212) (R 0.000953 -0.374300) (R -0.000759 -0.373093) (R -0.003679 -0.370225) (R -0.007303 -0.365243) (R -0.007303 -0.348940) (R -0.010725 -0.348940) (R -0.010725 -0.375157) (R -0.007504 -0.375157) (R -0.007504 -0.368866) (R -0.003931 -0.373471) (R -0.002456 -0.374695) (R 0.000613 -0.376532) (R 0.005393 -0.378369) (R 0.006248 -0.378369) (R 0.006903 -0.378318) (R 0.006991 -0.376212);
poly (R -0.011125 -0.354272) (R -0.012005 -0.353870) (R -0.012390 -0.353702) (R -0.013220 -0.353366) (R -0.014553 -0.352862) (R -0.015056 -0.352695) (R -0.016130 -0.352377) (R -0.017841 -0.351925) (R -0.018479 -0.351792) (R -0.019789 -0.351591) (R -0.021801 -0.351390) (R -0.022539 -0.351390) (R -0.023982 -0.351491) (R -0.026095 -0.351793) (R -0.026767 -0.351994) (R -0.028025 -0.352505) (R -0.029786 -0.353435) (R -0.030291 -0.353855) (R -0.031197 -0.354803) (R -0.032406 -0.356388) (R -0.032708 -0.357025) (R -0.033161 -0.358401) (R -0.033613 -0.360616) (R -0.033613 -0.379385) (R -0.037238 -0.379385) (R -0.037238 -0.382103) (R -0.033613 -0.382103) (R -0.033613 -0.390959) (R -0.030191 -0.390959) (R -0.030191 -0.382103) (R -0.024153 -0.382103) (R -0.024153 -0.379385) (R -0.030191 -0.379385) (R -0.030191 -0.361572) (R -0.029185 -0.359433) (R -0.028582 -0.358980) (R -0.027257 -0.358301) (R -0.025093 -0.357622) (R -0.024121 -0.357622) (R -0.022293 -0.357780) (R -0.019726 -0.358258) (R -0.018989 -0.358576) (R -0.017782 -0.359121) (R -0.016374 -0.359801) (R -0.011125 -0.354272);
poly (R -0.054199 -0.366199) (R -0.053243 -0.371433) (R -0.052606 -0.373076) (R -0.051071 -0.376153) (R -0.048378 -0.380454) (R -0.047221 -0.381679) (R -0.044680 -0.383869) (R -0.040529 -0.386763) (R -0.038919 -0.387468) (R -0.035531 -0.388525) (R -0.030197 -0.389582) (R -0.027714 -0.389582) (R -0.023068 -0.389020) (R -0.016576 -0.387334) (R -0.014732 -0.386210) (R -0.011495 -0.383568) (R -0.007319 -0.379014) (R -0.010640 -0.377958) (R -0.013709 -0.381102) (R -0.015018 -0.381857) (R -0.017786 -0.382989) (R -0.022165 -0.384121) (R -0.023507 -0.384121) (R -0.026098 -0.383853) (R -0.029847 -0.383048) (R -0.031004 -0.382512) (R -0.033168 -0.381246) (R -0.036186 -0.379058) (R -0.037042 -0.378134) (R -0.038570 -0.376112) (R -0.040583 -0.372816) (R -0.041070 -0.371540) (R -0.041800 -0.368872) (R -0.042530 -0.364695) (R -0.042530 -0.363218) (R -0.042278 -0.360350) (R -0.041524 -0.356174) (R -0.041020 -0.354865) (R -0.039829 -0.352425) (R -0.037765 -0.349028) (R -0.036893 -0.348072) (R -0.035006 -0.346361) (R -0.031962 -0.344096) (R -0.030805 -0.343542) (R -0.028415 -0.342712) (R -0.024716 -0.341882) (R -0.023878 -0.341882) (R -0.022210 -0.341999) (R -0.019719 -0.342352) (R -0.018898 -0.342586) (R -0.017313 -0.343147) (R -0.015023 -0.344128) (R -0.014319 -0.344547) (R -0.013011 -0.345443) (R -0.011200 -0.346876) (R -0.010697 -0.347413) (R -0.009842 -0.348521) (R -0.008785 -0.350232) (R -0.005465 -0.349226) (R -0.007075 -0.346635) (R -0.007779 -0.345847) (R -0.009313 -0.344370) (R -0.011803 -0.342307) (R -0.012760 -0.341720) (R -0.014773 -0.340679) (R -0.017943 -0.339319) (R -0.019101 -0.339001) (R -0.021459 -0.338524) (R -0.025058 -0.338047) (R -0.026970 -0.338047) (R -0.030643 -0.338407) (R -0.035926 -0.339489) (R -0.037537 -0.340209) (R -0.040540 -0.341920) (R -0.044717 -0.344888) (R -0.045892 -0.346147) (R -0.047980 -0.348857) (R -0.050723 -0.353210) (R -0.051376 -0.354853) (R -0.052357 -0.358258) (R -0.053338 -0.363542) (R -0.054199 -0.366199);
poly (R -0.061897 -0.367507) (R -0.062878 -0.371356) (R -0.063432 -0.372513) (R -0.064690 -0.374669) (R -0.066804 -0.377663) (R -0.067659 -0.378502) (R -0.069513 -0.379995) (R -0.072507 -0.381958) (R -0.073648 -0.382427) (R -0.075997 -0.383131) (R -0.079620 -0.383835) (R -0.080896 -0.383835) (R -0.083379 -0.383600) (R -0.087002 -0.382896) (R -0.088143 -0.382426) (R -0.090282 -0.381302) (R -0.093277 -0.379339) (R -0.094132 -0.378501) (R -0.095675 -0.376656) (R -0.097737 -0.373637) (R -0.098258 -0.372462) (R -0.099089 -0.370013) (R -0.100020 -0.366189) (R -0.061897 -0.367507);
poly (R -0.097171 -0.389749) (R -0.093749 -0.389749) (R -0.093749 -0.358953) (R -0.092944 -0.356664) (R -0.092408 -0.356110) (R -0.091117 -0.355279) (R -0.088853 -0.354448) (R -0.088484 -0.354448) (R -0.087679 -0.354499) (R -0.086370 -0.354650) (R -0.085867 -0.354751) (R -0.084895 -0.354985) (R -0.083486 -0.355388) (R -0.082883 -0.352620) (R -0.085222 -0.351966) (R -0.086146 -0.351798) (R -0.087866 -0.351546) (R -0.090257 -0.351294) (R -0.091834 -0.351294) (R -0.094651 -0.351738) (R -0.098375 -0.353072) (R -0.099280 -0.353960) (R -0.100638 -0.356098) (R -0.101996 -0.359847) (R -0.097171 -0.389749);
poly (R -0.104317 -0.356135) (R -0.104317 -0.353015) (R -0.128320 -0.353015) (R -0.128320 -0.388742) (R -0.104770 -0.388742) (R -0.104770 -0.385622) (R -0.124848 -0.385622) (R -0.124848 -0.372740) (R -0.107336 -0.372740) (R -0.107336 -0.369771) (R -0.124848 -0.369771) (R -0.124848 -0.356135) (R -0.104317 -0.356135);
poly (R -0.187691 -0.342190) (R -0.193426 -0.337909) (R -0.198775 -0.341425) (R -0.188837 -0.350216) (R -0.184635 -0.350216) (R -0.176230 -0.346167) (R -0.164767 -0.342118) (R -0.162934 -0.342118) (R -0.159343 -0.343033) (R -0.153459 -0.347313) (R -0.148185 -0.343799) (R -0.158731 -0.334853) (R -0.163244 -0.334853) (R -0.171651 -0.339056) (R -0.182580 -0.343259) (R -0.187691 -0.342190);
poly (R -0.182496 -0.319490) (R -0.206879 -0.344178) (R -0.206879 -0.357477) (R -0.195871 -0.382011) (R -0.171488 -0.406545) (R -0.158266 -0.406545) (R -0.134113 -0.395310) (R -0.109960 -0.370776) (R -0.109960 -0.357476) (R -0.120891 -0.332788) (R -0.145044 -0.308100);
poly (R -0.303019 -0.053673) (R -0.303019 -0.109136) (R -0.308137 -0.109136) (R -0.308137 -0.053673) (R -0.335117 -0.024326) (R -0.335117 -0.008963) (R -0.323269 0.019238) (R -0.296290 0.048740) (R -0.296290 0.103506) (R -0.291171 0.103506) (R -0.291171 0.048740) (R -0.264192 0.019238) (R -0.264192 0.003728) (R -0.276190 -0.024397) (R -0.303170 -0.053744) (R -0.182496 -0.319490) (R 0.356459 0.000362) (R 0.356459 -0.661638) (R -0.305540 -0.661638) (R -0.305540 0.000362);
poly (R -0.281045 -0.024134) (R 0.331239 -0.024134) (R 0.331239 -0.636418) (R -0.281045 -0.636418) (R -0.281045 -0.024134) (R 0.356459 0.000362) (R 0.356459 -0.661638) (R -0.305540 -0.661638) (R -0.305540 0.000362) (R 0.355735 0.000362) (R 0.355735 -0.660914) (R -0.305540 -0.660914) (R -0.305540 0.000362) (R 0.355735 0.000362) (R 0.355735 -0.660914) (R -0.305540 -0.660914) (R -0.305540 0.000362);

